        INFO: main.c(229): Compiled on Feb 17 2019 at 21:00:43
Current configuration:
[NAME]		[DEFLT]		[VALUE]
-2passvar	no		yes
-abeam		1e-100		1.000000e-90
-accumdir			/Users/air/Desktop/my_models/kz_model/bwaccumdir/kz_model_buff_1
-agc		none		none
-agcthresh	2.0		2.000000e+00
-bbeam		1e-100		1.000000e-10
-cb2mllrfn	.1cls.		.1cls.
-cepdir				/Users/air/Desktop/my_models/kz_model/feat
-cepext		mfc		mfc
-ceplen		13		13
-ckptintv			0
-cmn		live		batch
-cmninit	40,3,-1		40,3,-1
-ctlfn				/Users/air/Desktop/my_models/kz_model/etc/kz_model_train.fileids
-diagfull	no		no
-dictfn				/Users/air/Desktop/my_models/kz_model/etc/kz_model.dic
-example	no		no
-fdictfn			/Users/air/Desktop/my_models/kz_model/etc/kz_model.filler
-feat		1s_c_d_dd	1s_c_d_dd
-fullvar	no		no
-help		no		no
-hmmdir				
-latdir				
-latext				
-lda				
-ldadim		0		0
-lsnfn				/Users/air/Desktop/my_models/kz_model/etc/kz_model_train.transcription
-lw		11.5		1.150000e+01
-maxuttlen	0		0
-meanfn				/Users/air/Desktop/my_models/kz_model/model_parameters/kz_model.ci_cont/means
-meanreest	yes		yes
-mixwfn				/Users/air/Desktop/my_models/kz_model/model_parameters/kz_model.ci_cont/mixture_weights
-mixwreest	yes		yes
-mllrmat			
-mmie		no		no
-mmie_type	rand		rand
-moddeffn			/Users/air/Desktop/my_models/kz_model/model_architecture/kz_model.ci.mdef
-mwfloor	0.00001		1.000000e-08
-npart				1
-nskip				0
-outphsegdir			
-outputfullpath	no		no
-part				1
-pdumpdir			
-phsegdir			
-phsegext	phseg		phseg
-runlen		-1		-1
-sentdir			
-sentext	sent		sent
-spthresh	0.0		0.000000e+00
-svspec				
-timing		yes		no
-tmatfn				/Users/air/Desktop/my_models/kz_model/model_parameters/kz_model.ci_cont/transition_matrices
-tmatreest	yes		yes
-topn		4		1
-tpfloor	0.0001		1.000000e-04
-ts2cbfn			.cont.
-varfloor	0.00001		1.000000e-04
-varfn				/Users/air/Desktop/my_models/kz_model/model_parameters/kz_model.ci_cont/variances
-varnorm	no		no
-varreest	yes		yes
-viterbi	no		no

INFO: feat.c(715): Initializing feature stream to type: '1s_c_d_dd', ceplen=13, CMN='batch', VARNORM='no', AGC='none'
INFO: main.c(318): Reading /Users/air/Desktop/my_models/kz_model/model_architecture/kz_model.ci.mdef
INFO: model_def_io.c(573): Model definition info:
INFO: model_def_io.c(574): 33 total models defined (33 base, 0 tri)
INFO: model_def_io.c(575): 132 total states
INFO: model_def_io.c(576): 99 total tied states
INFO: model_def_io.c(577): 99 total tied CI states
INFO: model_def_io.c(578): 33 total tied transition matrices
INFO: model_def_io.c(579): 4 max state/model
INFO: model_def_io.c(580): 4 min state/model
INFO: s3mixw_io.c(117): Read /Users/air/Desktop/my_models/kz_model/model_parameters/kz_model.ci_cont/mixture_weights [99x1x1 array]
INFO: s3tmat_io.c(118): Read /Users/air/Desktop/my_models/kz_model/model_parameters/kz_model.ci_cont/transition_matrices [33x3x4 array]
INFO: mod_inv.c(301): inserting tprob floor 1.000000e-04 and renormalizing
INFO: s3gau_io.c(169): Read /Users/air/Desktop/my_models/kz_model/model_parameters/kz_model.ci_cont/means [99x1x1 array]
INFO: s3gau_io.c(169): Read /Users/air/Desktop/my_models/kz_model/model_parameters/kz_model.ci_cont/variances [99x1x1 array]
INFO: gauden.c(176): 99 total mgau
INFO: gauden.c(150): 1 feature streams (|0|=39 )
INFO: gauden.c(187): 1 total densities
INFO: gauden.c(90): min_var=1.000000e-04
INFO: gauden.c(165): compute 1 densities/frame
INFO: main.c(431): Will reestimate mixing weights.
INFO: main.c(433): Will reestimate means.
INFO: main.c(435): Will reestimate variances.
INFO: main.c(443): Will reestimate transition matrices
INFO: main.c(456): Reading main dictionary: /Users/air/Desktop/my_models/kz_model/etc/kz_model.dic
INFO: lexicon.c(221): 53 entries added from /Users/air/Desktop/my_models/kz_model/etc/kz_model.dic
INFO: main.c(466): Reading filler dictionary: /Users/air/Desktop/my_models/kz_model/etc/kz_model.filler
INFO: lexicon.c(221): 3 entries added from /Users/air/Desktop/my_models/kz_model/etc/kz_model.filler
INFO: corpus.c(1062): Will process all remaining utts starting at 0
INFO: main.c(665): Reestimation: Baum-Welch
INFO: cmn.c(133): CMN: 50.24  6.23 -1.69  2.63  4.03  2.54 -1.14  2.49  4.81  2.99  0.33 -3.65 -0.54 
column defns
	<seq>
	<id>
	<n_frame_in>
	<n_frame_del>
	<n_state_shmm>
	<avg_states_alpha>
	<avg_states_beta>
	<avg_states_reest>
	<avg_posterior_prune>
	<frame_log_lik>
	<utt_log_lik>
	... timing info ... 
utt>     0                         1  227    0INFO: cvt2triphone.c(199): no multiphones defined, no conversion done
    28 18  1 3 2.104173e-12 -1.396832e+02 -3.170810e+04
INFO: cmn.c(133): CMN: 50.82  8.96 -1.57  2.26  0.17 -0.53 -5.95  4.14  4.91  2.73 -0.77 -3.97 -1.03 
utt>     1                         2  254    0    28 16  2 3 2.412736e-12 -1.401577e+02 -3.560006e+04
INFO: cmn.c(133): CMN: 49.64  6.53 -1.30 -2.25  1.47  0.35 -1.60  2.90  3.89  1.96 -0.65 -3.92 -1.25 
utt>     2                         3  310    0    28 17  1 2 1.380593e-12 -1.412793e+02 -4.379659e+04
INFO: cmn.c(133): CMN: 63.08  1.61 -0.97 10.92  0.65 -0.60 -10.11 -4.76  4.15  1.52 -1.81 -3.89  0.97 
utt>     3                         4  190    0    28 17  2 3 1.469672e-12 -1.393481e+02 -2.647615e+04
INFO: cmn.c(133): CMN: 56.36  1.02  2.56  5.63 -4.44 -3.52 -11.35 -6.19  6.18  6.08 -1.57 -1.64  0.34 
utt>     4                         5  178    0    28 15  2 4 3.475886e-12 -1.419001e+02 -2.525821e+04
INFO: cmn.c(133): CMN: 56.49 -7.25  6.35 18.55 13.23  2.14 -9.00 -14.52 -2.47 -3.38 -5.47 -6.14  6.93 
ERROR: "backward.c", line 421: Failed to align audio to trancript: final state of the search is not reached
ERROR: "baum_welch.c", line 324: audio/6 ignored
utt>     5                         6   64    0    28 12 
INFO: cmn.c(133): CMN: 64.65  0.81 -10.98 14.84 -13.95 -3.11 -14.87  9.52 -5.92  7.90 -5.26 -2.70  3.80 
ERROR: "backward.c", line 421: Failed to align audio to trancript: final state of the search is not reached
ERROR: "baum_welch.c", line 324: audio/7 ignored
utt>     6                         7   67    0    28 15 
INFO: cmn.c(133): CMN: 51.85 11.92 -5.89  3.16  1.76 -0.32  2.35  2.01  0.25 -2.43  3.75 -5.16 -1.69 
utt>     7                         8  220    0    36 20  2 3 2.555720e-12 -1.416594e+02 -3.116507e+04
INFO: cmn.c(133): CMN: 50.96 10.49 -4.68  3.70  0.00  1.00  0.70 -1.12 -0.43  8.08  6.72 -7.62 -0.18 
utt>     8                         9  221    0    36 21  2 3 3.218679e-12 -1.432502e+02 -3.165829e+04
INFO: cmn.c(133): CMN: 58.88  4.75 -1.56 -1.02 -10.99  1.62  1.01 -4.98  2.52  5.05 -1.90 -2.04 -2.03 
utt>     9                        10  200    0    32 18  2 4 1.542604e-12 -1.426606e+02 -2.853212e+04
INFO: cmn.c(133): CMN: 54.35  3.59 -8.67  0.01 -5.48  2.71 -2.87  0.12  0.03  1.20  3.32  1.87 -0.36 
utt>    10                        11  291    0    32 16  1 2 2.663473e-12 -1.406698e+02 -4.093490e+04
INFO: cmn.c(133): CMN: 57.97  8.74 -4.35 -2.18 -7.45  4.34 -4.53 -5.93  2.88 -3.98  6.66  1.11 -1.22 
utt>    11                        12  232    0    32 18  1 3 3.382650e-12 -1.417472e+02 -3.288535e+04
INFO: cmn.c(133): CMN: 54.61  5.06 -0.21 12.49 -0.48 11.02  0.09 -12.08 -12.35  6.28  1.70  6.66 -0.66 
ERROR: "backward.c", line 421: Failed to align audio to trancript: final state of the search is not reached
ERROR: "baum_welch.c", line 324: audio/13 ignored
utt>    12                        13   91    0    32 17 
INFO: cmn.c(133): CMN: 58.55 -0.36 -2.15 -5.30 -1.70  1.62 -4.65  1.10  0.37 -0.15 -1.70  0.40 -0.07 
utt>    13                        14  297    0    44 18  1 3 2.928298e-12 -1.438141e+02 -4.271278e+04
INFO: cmn.c(133): CMN: 59.91  3.71 -1.39 -6.83 -3.12 -1.26 -2.51 -5.64 -2.32 -1.29  3.37  2.79 -2.67 
utt>    14                        15  335    0    44 16  2 4 2.648039e-12 -1.461390e+02 -4.895656e+04
INFO: cmn.c(133): CMN: 58.79 -0.60 -3.70 -4.87  1.30 -1.35  2.05 -6.74 -1.25 -1.39  3.36 -2.41  1.78 
utt>    15                        16  300    0    44 21  1 3 1.593785e-12 -1.457365e+02 -4.372094e+04
INFO: cmn.c(133): CMN: 59.72  1.16 -0.40 -0.92  4.49 -14.86 -11.69 12.08 -6.58 19.26 -6.30 -7.41  6.06 
utt>    16                        17  109    0    44 22  2 5 2.059361e-12 -1.655454e+02 -1.804445e+04
INFO: cmn.c(133): CMN: 61.10  5.58 -5.01  4.38 -3.61  1.08  6.30  2.14 -5.69 -7.98 -0.67  0.50 -2.93 
utt>    17                        18  237    0    60 24  2 4 3.802061e-12 -1.420108e+02 -3.365655e+04
INFO: cmn.c(133): CMN: 63.04  9.08 -4.79 10.48 -1.42 -4.70  2.45 -1.23 -3.84 -12.40  3.93 -0.97 -3.91 
utt>    18                        19  210    0    60 21  2 4 2.769535e-12 -1.444491e+02 -3.033431e+04
INFO: cmn.c(133): CMN: 61.69 11.54 -5.89 12.46 -5.56  0.96  1.25 -1.38 -0.28 -7.51  1.56 -4.06  4.34 
utt>    19                        20  221    0    60 22  2 4 5.476583e-12 -1.447871e+02 -3.199794e+04
INFO: cmn.c(133): CMN: 68.08  1.08 -0.85  5.55  0.70 -0.40 -2.03  3.04 -5.17 -5.11  2.47 -4.74 -3.48 
utt>    20                        21  232    0    76 22  2 4 5.449278e-12 -1.461660e+02 -3.391051e+04
INFO: cmn.c(133): CMN: 60.01 10.87 -3.81  6.26 -5.95  0.43 -0.60  1.40 -1.92 -6.57  3.46 -2.82  0.14 
utt>    21                        22  211    0    76 24  2 5 4.330441e-12 -1.444117e+02 -3.047088e+04
INFO: cmn.c(133): CMN: 55.17  4.34 -2.49  4.48 -5.25  1.63 -5.01 -2.85  0.89 -3.24  2.09 -1.60  0.39 
utt>    22                        23  273    0    76 24  2 4 2.774300e-12 -1.444660e+02 -3.943922e+04
INFO: cmn.c(133): CMN: 60.72  7.78 -2.42  5.82 -2.67  2.71  4.07 -1.25  0.44 -9.37  5.14 -3.91 -0.91 
utt>    23                        24  217    0   116 33  3 7 7.831222e-12 -1.488882e+02 -3.230874e+04
INFO: cmn.c(133): CMN: 57.88  8.53 -3.99  6.18 -4.21  3.41  0.26 -1.78 -2.48 -6.46  4.38 -0.85 -2.54 
utt>    24                        25  321    0   116 28  3 5 2.987623e-12 -1.457381e+02 -4.678194e+04
INFO: cmn.c(133): CMN: 58.93  9.89 -3.25  0.62 -0.89  3.37 -0.48  0.71 -3.19 -3.72  1.42 -1.20  0.49 
utt>    25                        26  366    0   116 32  3 5 5.985886e-12 -1.485893e+02 -5.438370e+04
INFO: cmn.c(133): CMN: 62.93 11.88 -0.47 16.48 -3.30  9.73 -23.40 -2.48  6.68  2.61  3.42  1.84 11.79 
utt>    26                        27  229    0   116 28  3 7 5.464410e-12 -1.615759e+02 -3.700089e+04
INFO: cmn.c(133): CMN: 60.38  5.01 -3.69  3.22  0.17  4.81  3.86  0.92 -4.26 -5.24  0.21  2.60 -3.22 
utt>    27                        28  249    0    60 20  2 4 3.935994e-12 -1.441865e+02 -3.590243e+04
INFO: cmn.c(133): CMN: 55.85  7.22 -9.39  0.73 -1.26  4.13 -2.70  0.66 -0.52 -10.82  4.36 -2.29 -1.52 
utt>    28                        29  214    0    60 21  1 3 2.035795e-12 -1.437777e+02 -3.076842e+04
INFO: cmn.c(133): CMN: 57.02 10.77  3.95 15.44 13.40  7.19  0.40 -2.64 -4.97  3.73 -4.54  7.12 -0.04 
ERROR: "backward.c", line 421: Failed to align audio to trancript: final state of the search is not reached
ERROR: "baum_welch.c", line 324: audio/30 ignored
utt>    29                        30  143    0    60 24 
INFO: cmn.c(133): CMN: 56.74  7.53 -7.33  2.55 -2.77  5.51 -2.22 -7.26 -3.35 -6.05  5.18  0.34 -3.77 
utt>    30                        31  287    0    60 22  2 3 3.365532e-12 -1.453727e+02 -4.172195e+04
INFO: cmn.c(133): CMN: 60.43 10.29 -7.63 10.13 -1.02  2.40  1.64 -0.80 -2.26 -10.04  3.25 -2.49 -2.90 
utt>    31                        32  246    0    80 22  2 4 3.336774e-12 -1.462015e+02 -3.596556e+04
INFO: cmn.c(133): CMN: 56.98  6.04 -3.19  6.41 -2.41 -0.81 -1.01  3.15  0.78 -5.51  3.24 -1.25 -1.35 
utt>    32                        33  325    0    80 20  2 4 2.924131e-12 -1.454047e+02 -4.725653e+04
INFO: cmn.c(133): CMN: 59.95 10.30 -5.26 10.38 -3.57  5.81 -4.15  1.89  4.11 -7.58  8.49 -8.47  1.69 
utt>    33                        34  285    0    80 20  2 4 3.946896e-12 -1.460855e+02 -4.163438e+04
INFO: cmn.c(133): CMN: 53.92  9.44 -1.90  3.18 -7.92  1.51 -3.21  4.73 -3.04 -3.15  4.28 -2.54  1.55 
utt>    34                        35  315    0    80 21  2 4 5.043458e-12 -1.448929e+02 -4.564126e+04
INFO: cmn.c(133): CMN: 66.60  2.54  3.45 10.39 -5.71  0.96 -9.08  2.26 -23.90 16.21  4.57 10.52  5.02 
ERROR: "backward.c", line 421: Failed to align audio to trancript: final state of the search is not reached
ERROR: "baum_welch.c", line 324: audio/36 ignored
utt>    35                        36  192    0    80 35 
INFO: cmn.c(133): CMN: 33.04 10.12 -7.17 -0.22 -6.12  4.16  1.73  1.06 -0.27  0.41  1.73 -0.08  3.54 
utt>    36                        37   98    0    28 15  2 4 3.849603e-12 -1.418088e+02 -1.389727e+04
INFO: cmn.c(133): CMN: 39.80 12.52 -16.21 -0.05 -13.69 -2.63 10.57 -2.84 -1.09 -3.94  7.38  1.95 -5.24 
utt>    37                        38  137    0    28 18  2 4 1.545429e-12 -1.440655e+02 -1.973697e+04
INFO: cmn.c(133): CMN: 35.64 11.03 -2.47  8.35 -8.38  3.45  6.25 -0.91 -1.29 -1.79  2.87 -5.41  0.67 
utt>    38                        39  282    0    72 28  2 4 4.300411e-12 -1.439404e+02 -4.059119e+04
INFO: cmn.c(133): CMN: 36.45 12.80 -1.78  8.62 -8.57  2.82  5.65  1.12 -1.95 -1.70  2.98 -1.77  0.51 
utt>    39                        40  305    0    72 31  3 6 5.157547e-12 -1.448866e+02 -4.419041e+04
INFO: cmn.c(133): CMN: 57.92  8.20 -2.38  2.70 -5.13  2.36 -0.25  2.66 -4.64 -4.77  1.55  4.06  0.63 
utt>    40                        41  201    0    40 20  1 3 2.790886e-12 -1.439798e+02 -2.893993e+04
INFO: cmn.c(133): CMN: 53.97  9.43 -1.85  2.95 -5.57  0.04 -2.38 -0.72  0.18 -1.93  5.28  0.26  0.47 
utt>    41                        42  244    0    40 19  1 3 2.817664e-12 -1.419504e+02 -3.463590e+04
INFO: cmn.c(133): CMN: 58.18  7.38 -2.63  3.22 -1.29  0.87 -1.77 -3.28  0.20 -2.42 -0.23 -1.36 -0.44 
utt>    42                        43  197    0    40 18  2 4 2.522666e-12 -1.426315e+02 -2.809840e+04
INFO: cmn.c(133): CMN: 55.71 -5.51 -7.10 -3.15  0.16  0.39 -1.63  0.42  2.76  1.67 -1.40  3.38 -0.75 
utt>    43                        44  206    0    28 15  1 2 1.054907e-12 -1.423998e+02 -2.933435e+04
INFO: cmn.c(133): CMN: 56.64 -3.95 -7.81 -5.14  0.14  5.12 -7.48 -2.58 -2.33 -1.62  3.97  2.66 -2.06 
utt>    44                        45  176    0    28 16  1 2 1.226695e-12 -1.427577e+02 -2.512535e+04
INFO: cmn.c(133): CMN: 57.01 -1.71 -7.63 -1.08  1.17  4.69 -4.31 -0.72 -3.42 -1.69 -2.14 -0.70  4.21 
utt>    45                        46  159    0    28 16  1 3 3.876202e-12 -1.416005e+02 -2.251448e+04
INFO: cmn.c(133): CMN: 52.43  8.65 -2.62  0.70 -3.72  2.96 -2.05 -4.59 -0.85 -0.03 -0.04  0.28  1.78 
utt>    46                        47  236    0    44 18  1 3 1.619631e-12 -1.444794e+02 -3.409715e+04
INFO: cmn.c(133): CMN: 53.62  7.16  6.57 -1.76 -10.80  0.93 -2.22 -3.21 -0.29 -2.03 -1.58 -1.86  2.21 
utt>    47                        48  214    0    44 24  1 3 2.674983e-12 -1.426507e+02 -3.052725e+04
INFO: cmn.c(133): CMN: 54.53  5.35  1.69 -1.43 -6.82  2.27 -3.10 -3.42  1.60 -2.56  4.02 -2.66  0.31 
utt>    48                        49  210    0    44 21  2 3 2.963845e-12 -1.445823e+02 -3.036228e+04
INFO: cmn.c(133): CMN: 56.94  2.88 -1.09  5.10 -3.68  2.29 -0.26 -2.44 -1.04 -3.64  3.16 -3.45 -1.43 
utt>    49                        50  415    0   132 25  2 4 3.192988e-12 -1.471939e+02 -6.108548e+04
INFO: cmn.c(133): CMN: 59.10  3.43 -2.29  5.68 -3.30  5.01 -0.41 -2.86 -4.20 -3.96  4.84 -3.71 -3.19 
utt>    50                        51  300    0   132 31  3 6 6.467929e-12 -1.515186e+02 -4.545558e+04
INFO: cmn.c(133): CMN: 60.32  4.48 -3.73  2.84 -4.91  3.67 -0.10  0.17 -1.69 -6.28  7.39 -5.64 -2.47 
utt>    51                        52  394    0   132 23  2 5 5.064631e-12 -1.465112e+02 -5.772543e+04
INFO: cmn.c(133): CMN: 58.49 -2.37 -1.33  2.46 -5.14  7.79 -5.14  3.88 -4.92  1.59  6.56 -6.83  0.48 
utt>    52                        53  317    0   132 34  3 6 5.715161e-12 -1.484325e+02 -4.705312e+04
INFO: cmn.c(133): CMN: 52.92 12.83  1.21 -1.99 -11.09 -0.69 -9.99 -6.47 -2.26 -4.47  2.29 -0.64  3.46 
utt>    53                        54  148    0    28 15  1 2 2.417539e-12 -1.396702e+02 -2.067119e+04
INFO: cmn.c(133): CMN: 50.62 12.14  0.39 -2.17 -9.02  0.33 -3.13  0.02  1.82 -2.88  0.12 -2.81  4.24 
utt>    54                        55  191    0    28 17  2 3 3.708342e-12 -1.380300e+02 -2.636374e+04
INFO: cmn.c(133): CMN: 53.10 14.21  1.31  0.46 -7.32  0.86 -6.07 -1.20 -0.01 -4.01  5.95 -0.08  7.51 
utt>    55                        56  165    0    28 17  1 3 1.514535e-12 -1.380802e+02 -2.278324e+04
INFO: cmn.c(133): CMN: 63.13  9.35 -7.11  4.30 -5.48  0.84 -8.06 -9.05 -5.86 -5.63 12.09 -6.34 -2.89 
utt>    56                        57  232    0    72 30  2 5 5.989188e-12 -1.471573e+02 -3.414048e+04
INFO: cmn.c(133): CMN: 62.49  5.17 -7.70 -0.35 -12.09  3.80 -5.09  2.25 -5.07 -0.04 10.24 -6.36 -2.30 
utt>    57                        58  242    0    72 28  2 5 6.537480e-12 -1.484357e+02 -3.592145e+04
INFO: cmn.c(133): CMN: 58.14  8.04 -3.98 -1.04 -11.43  6.37 -8.47 -0.35 -3.45  2.11  9.77 -6.89  2.64 
utt>    58                        59  234    0    72 29  2 5 5.657928e-12 -1.479258e+02 -3.461464e+04
INFO: cmn.c(133): CMN: 57.14  7.85 -4.17 -2.61 -9.22  4.30 -8.91 -2.05  3.76 -0.20  2.09 -3.82  3.89 
utt>    59                        60  268    0    72 28  1 3 1.914886e-12 -1.466166e+02 -3.929324e+04
INFO: cmn.c(133): CMN: 62.28  7.14 -5.49  9.16 -1.01  2.04  1.07  0.39  1.17 -7.90  1.85 -2.91  2.20 
utt>    60                        61  195    0    68 24  2 4 4.278048e-12 -1.475506e+02 -2.877237e+04
INFO: cmn.c(133): CMN: 59.08  7.83 -5.51  3.13 -5.63  2.75 -5.21  1.00  1.11 -2.43  2.84 -8.30  2.32 
utt>    61                        62  238    0    68 27  2 4 2.464871e-12 -1.488258e+02 -3.542054e+04
INFO: cmn.c(133): CMN: 59.65  9.15 -8.64  4.50 -0.97 -2.72 -1.81 -3.22 -3.70 -4.09  0.11 -4.72  3.67 
utt>    62                        63  287    0    68 19  2 3 3.075571e-12 -1.467670e+02 -4.212212e+04
INFO: cmn.c(133): CMN: 63.99 10.45 -11.11 13.84 -3.30  0.48 -9.20  1.55 -5.77  3.85 -10.72 -0.97  5.85 
utt>    63                        64   96    0    36 14  2 3 1.647184e-12 -1.629667e+02 -1.564480e+04
INFO: cmn.c(133): CMN: 63.92  8.35  1.40 -4.49 -10.41  6.59 -1.02  2.91 -3.60 -9.21  4.01 -2.07  2.99 
utt>    64                       100  274    0    92 25  3 6 9.623280e-12 -1.479535e+02 -4.053927e+04
INFO: cmn.c(133): CMN: 57.16 12.45 -1.34 -0.11 -12.84  5.59 -0.76  1.22 -5.83 -3.49  2.41 -3.31  3.57 
utt>    65                       101  266    0    92 22  2 4 3.134195e-12 -1.453088e+02 -3.865213e+04
INFO: cmn.c(133): CMN: 62.66  2.90 -5.27  2.39 -10.10  4.95 -0.77 -1.17 -3.89  5.99  4.41 -9.01  2.19 
utt>    66                       102  264    0    92 30  3 6 6.130065e-12 -1.491081e+02 -3.936454e+04
INFO: cmn.c(133): CMN: 60.08  7.87 -1.41  1.76 -13.97  3.93  3.56 -1.67 -3.82 -2.08  4.31 -7.09  4.62 
utt>    67                       103  240    0    92 23  2 5 4.022751e-12 -1.473016e+02 -3.535238e+04
INFO: cmn.c(133): CMN: 68.61  6.70 -3.10  0.96 -12.22  2.49 -0.71 -7.49 -5.74 -7.29  2.29 -4.63  2.41 
utt>    68                       104  174    0    84 28  2 5 7.581541e-12 -1.529838e+02 -2.661917e+04
INFO: cmn.c(133): CMN: 66.43  5.88 -7.48  1.05 -5.76 -2.15 -5.72 -2.82 -0.51  1.59  1.41 -2.30  0.47 
utt>    69                       105  296    0    84 30  2 5 4.835349e-12 -1.443350e+02 -4.272316e+04
INFO: cmn.c(133): CMN: 64.46  2.59  3.42 -9.17 -5.17  3.37 -1.60 -2.73 -1.49 -3.89  1.26 -2.97  2.99 
utt>    70                       106  234    0    84 25  2 5 3.775275e-12 -1.448324e+02 -3.389079e+04
INFO: cmn.c(133): CMN: 64.46  2.59  3.42 -9.17 -5.17  3.37 -1.60 -2.73 -1.49 -3.89  1.26 -2.97  2.99 
utt>    71                       107  234    0    84 25  2 5 3.775275e-12 -1.448324e+02 -3.389079e+04
INFO: cmn.c(133): CMN: 63.64 -0.02 -16.33  1.48 -5.43  0.34 -4.25 -3.55 -3.86  2.17  9.61 -6.40 -2.28 
utt>    72                       108  161    0    32 18  2 4 2.917643e-12 -1.443667e+02 -2.324304e+04
INFO: cmn.c(133): CMN: 60.09  6.72 -2.67  0.59 -2.34  2.43 -4.88 -0.09 -1.36 -6.10  3.17  0.69 -1.35 
utt>    73                       109  125    0    32 15  2 4 3.178010e-12 -1.466824e+02 -1.833530e+04
INFO: cmn.c(133): CMN: 60.44  6.91 -3.32 -0.34 -7.33 -0.77 -9.65 -5.52 -5.87 -2.76  5.73  1.36  1.38 
utt>    74                       110  157    0    32 17  2 5 4.023588e-12 -1.479541e+02 -2.322879e+04
INFO: cmn.c(133): CMN: 61.80 10.81 -2.36  1.51 -9.30 -0.01  3.18 -4.15  3.67 -0.48  1.28 -2.34  4.45 
utt>    75                       111  160    0    36 20  2 4 3.136844e-12 -1.461447e+02 -2.338316e+04
INFO: cmn.c(133): CMN: 62.04 12.05 -3.72  4.02 -10.73  0.98 -1.23 -2.46 -1.01 -3.04  5.84 -3.49  2.09 
utt>    76                       112  137    0    36 17  2 4 2.570051e-12 -1.457019e+02 -1.996116e+04
INFO: cmn.c(133): CMN: 56.65  7.14 -6.33 -2.83 -9.01  2.77 -0.04  1.07 -7.20 -4.59  6.35  1.63  1.70 
utt>    77                       113  208    0    36 15  2 4 2.169220e-12 -1.425043e+02 -2.964089e+04
INFO: cmn.c(133): CMN: 61.04  4.58 -2.29  0.15 -8.31 -2.53  1.83 -1.12 -8.64 -4.57  1.34  0.71  2.17 
utt>    78                       114  216    0    36 19  2 3 2.400814e-12 -1.465783e+02 -3.166092e+04
INFO: cmn.c(133): CMN: 58.00  4.29 -5.11  1.27 -2.07  0.05 -1.26 -2.97 -5.22 -3.39  4.39 -1.59  0.81 
utt>    79                       115  260    0    56 23  2 4 3.449367e-12 -1.445278e+02 -3.757722e+04
INFO: cmn.c(133): CMN: 58.14 -0.89  1.57 -2.21 -4.19  4.58 -0.67 -0.66 -5.80 -0.68  7.74 -4.80  3.08 
utt>    80                       116  221    0    56 23  2 5 5.520426e-12 -1.445938e+02 -3.195523e+04
INFO: cmn.c(133): CMN: 61.99  5.91 -2.14  1.99 -1.66  1.22 -0.30 -3.93 -5.57 -2.38  7.01 -6.74 -0.02 
utt>    81                       117  197    0    56 21  2 4 4.351146e-12 -1.434887e+02 -2.826727e+04
INFO: cmn.c(133): CMN: 58.05  3.21  1.49 -0.11 -5.38  4.53 -1.99  0.87 -3.71 -2.93  6.45 -0.78  4.50 
utt>    82                       118  204    0    56 22  2 4 5.091499e-12 -1.473325e+02 -3.005583e+04
INFO: cmn.c(133): CMN: 59.48 11.94 -5.72 -5.23 -10.84 -4.33  2.44 -6.96  2.99 -2.27  5.38 -1.24  0.92 
utt>    83                       119  238    0    28 19  1 3 3.229272e-12 -1.426062e+02 -3.394028e+04
INFO: cmn.c(133): CMN: 61.95  0.35 -7.54  1.58 -9.57 -0.68 -0.63 -2.76 -6.71 -1.58  1.49  2.79  2.78 
utt>    84                       120  159    0    28 19  2 3 3.246495e-12 -1.421397e+02 -2.260022e+04
INFO: cmn.c(133): CMN: 59.57  7.26  1.95  0.75 -3.49 -1.00 -1.25 -7.81 -6.39  0.17 -2.22  0.30 -1.38 
utt>    85                       121  187    0    28 18  2 3 2.635008e-12 -1.401353e+02 -2.620530e+04
INFO: cmn.c(133): CMN: 63.36  1.90 -1.98 -1.86 -6.34  1.64 -6.05 -0.30 -6.77 -0.80 -0.01 -3.59  3.50 
utt>    86                       122  176    0    32 20  1 3 3.547502e-12 -1.456645e+02 -2.563695e+04
INFO: cmn.c(133): CMN: 59.42  4.13 -7.27 -1.01 -6.98  3.64  0.49 -1.26 -2.00 -6.43  4.16 -0.79  3.09 
utt>    87                       123  165    0    32 18  2 4 3.634640e-12 -1.485066e+02 -2.450359e+04
INFO: cmn.c(133): CMN: 62.40  4.94 -7.29 -1.33 -11.21  4.46 -0.85 -7.68 -6.98  1.65  7.69 -7.01 -0.68 
utt>    88                       124  140    0    32 19  2 4 4.302832e-12 -1.481570e+02 -2.074197e+04
INFO: cmn.c(133): CMN: 61.22  6.91 -1.59 -1.93 -1.14 -5.11 -2.46 -3.48  2.70 -0.94 -0.90 -1.68  2.95 
utt>    89                       125  157    0    28 18  2 4 5.279991e-12 -1.418857e+02 -2.227606e+04
INFO: cmn.c(133): CMN: 53.01  6.36 -3.49 -2.28 -10.98  2.20 -0.04 -5.95 -4.31 -1.12  1.18  1.78  2.81 
utt>    90                       126  191    0    28 20  2 4 3.359291e-12 -1.407212e+02 -2.687776e+04
INFO: cmn.c(133): CMN: 64.04  7.58 -7.98  1.72 -17.30 -3.86  2.83  1.95 -6.19 -5.27 -0.18  3.33  2.85 
utt>    91                       127  212    0    28 17  1 3 2.404191e-12 -1.397435e+02 -2.962562e+04
INFO: cmn.c(133): CMN: 61.80  7.82 -6.33  4.39 -1.51  1.96 -9.71 -1.14 -4.93 -7.04  3.46 -4.14 -1.53 
utt>    92                       128  210    0    44 15  2 4 2.517888e-12 -1.452152e+02 -3.049519e+04
INFO: cmn.c(133): CMN: 57.90  2.83 -3.76  7.07 -10.17  5.35 -10.25 -5.47  1.83 -5.03  5.27 -6.26  0.84 
utt>    93                       129  163    0    44 16  2 3 5.477755e-12 -1.438310e+02 -2.344446e+04
INFO: cmn.c(133): CMN: 61.16 -4.44 -4.52  9.21 -2.77 -1.40 -7.70 -0.71  2.34 -1.26 -0.56 -4.55  0.76 
utt>    94                       130  170    0    44 18  2 4 4.841698e-12 -1.453207e+02 -2.470451e+04
INFO: cmn.c(133): CMN: 62.76  7.55 -1.94 -6.90 -9.67  8.20 -1.81 -4.47 -7.92 -0.18  0.92 -0.56  3.38 
utt>    95                       131  191    0    40 21  2 3 2.260172e-12 -1.447710e+02 -2.765127e+04
INFO: cmn.c(133): CMN: 65.94 10.34  3.77 -1.63 -13.54 -4.23  3.15 -6.45  2.50 -4.00  4.65 -7.45 -1.79 
utt>    96                       132  168    0    40 19  2 5 6.107988e-12 -1.464793e+02 -2.460852e+04
INFO: cmn.c(133): CMN: 58.77  7.84  0.51 -3.58 -7.95 -0.32 -6.94 -7.07 -4.61 -0.76  0.78 -0.16  2.42 
utt>    97                       133  200    0    40 16  2 4 2.658405e-12 -1.459870e+02 -2.919740e+04
INFO: cmn.c(133): CMN: 62.69  0.51  2.44 -4.37 -14.83  1.96 -2.29  1.09 -4.83  0.67  0.13 -4.33  2.14 
utt>    98                       134  146    0    40 24  2 5 4.159535e-12 -1.453695e+02 -2.122394e+04
INFO: cmn.c(133): CMN: 59.87  2.47 -5.39 -2.23 -6.11 -0.25 -1.27 -3.60 -4.35  1.49  3.08 -2.07 -4.25 
utt>    99                       135  191    0    40 22  2 4 3.878430e-12 -1.487342e+02 -2.840824e+04
overall> stats 21281 (-0) -1.452105e+02 -3.090225e+06

INFO: s3mixw_io.c(233): Wrote /Users/air/Desktop/my_models/kz_model/bwaccumdir/kz_model_buff_1/mixw_counts [99x1x1 array]
INFO: s3tmat_io.c(176): Wrote /Users/air/Desktop/my_models/kz_model/bwaccumdir/kz_model_buff_1/tmat_counts [33x3x4 array]
INFO: s3gau_io.c(485): Wrote /Users/air/Desktop/my_models/kz_model/bwaccumdir/kz_model_buff_1/gauden_counts with means with vars (2pass) [99x1x1 vector arrays]
INFO: main.c(999): Counts saved to /Users/air/Desktop/my_models/kz_model/bwaccumdir/kz_model_buff_1
Fri Feb 22 21:02:06 2019
