Current configuration:
[NAME]		[DEFLT]	[VALUE]
-dictfn			
-example	no	no
-fdictfn		
-help		no	no
-ignorewpos	no	no
-inCDmdef		
-inCImdef		
-lsnfn			
-maxtriphones	100000	100000
-minocc		1	1
-n_state_pm	3	3
-oalltphnmdef		
-ocimdef		/Users/air/Desktop/my_models/kz_model/model_architecture/kz_model.ci.mdef
-ocountfn		
-ountiedmdef		
-phnlstfn		/Users/air/Desktop/my_models/kz_model/model_architecture/kz_model.phonelist
-triphnlstfn		

INFO: main.c(92): Will write CI mdef file /Users/air/Desktop/my_models/kz_model/model_architecture/kz_model.ci.mdef
INFO: mk_mdef_gen.c(189): 0 single word triphones in input phone list
INFO: mk_mdef_gen.c(190): 0 word beginning triphones in input phone list
INFO: mk_mdef_gen.c(191): 0 word internal triphones in input phone list
INFO: mk_mdef_gen.c(192): 0 word ending triphones in input phone list
INFO: mk_mdef_gen.c(897): 33 n_base, 0 n_tri
INFO: mk_mdef_gen.c(969): Wrote mdef file /Users/air/Desktop/my_models/kz_model/model_architecture/kz_model.ci.mdef
Fri Feb 22 21:02:05 2019
