Current configuration:
[NAME]		[DEFLT]	[VALUE]
-example	no	no
-help		no	no
-mixwfn			/Users/air/Desktop/my_models/kz_model/model_parameters/kz_model.ci_cont_flatinitial/mixture_weights
-moddeffn		/Users/air/Desktop/my_models/kz_model/model_architecture/kz_model.ci.mdef
-ndensity	256	1
-nstream	4	1
-tmatfn			/Users/air/Desktop/my_models/kz_model/model_parameters/kz_model.ci_cont_flatinitial/transition_matrices
-topo			/Users/air/Desktop/my_models/kz_model/model_architecture/kz_model.topology

INFO: model_def_io.c(573): Model definition info:
INFO: model_def_io.c(574): 33 total models defined (33 base, 0 tri)
INFO: model_def_io.c(575): 132 total states
INFO: model_def_io.c(576): 99 total tied states
INFO: model_def_io.c(577): 99 total tied CI states
INFO: model_def_io.c(578): 33 total tied transition matrices
INFO: model_def_io.c(579): 4 max state/model
INFO: model_def_io.c(580): 4 min state/model
INFO: s3tmat_io.c(176): Wrote /Users/air/Desktop/my_models/kz_model/model_parameters/kz_model.ci_cont_flatinitial/transition_matrices [33x3x4 array]
INFO: s3mixw_io.c(233): Wrote /Users/air/Desktop/my_models/kz_model/model_parameters/kz_model.ci_cont_flatinitial/mixture_weights [99x1x1 array]
main.c(83): Reading model definition file /Users/air/Desktop/my_models/kz_model/model_architecture/kz_model.ci.mdef
main.c(90): 33 models defined
Fri Feb 22 21:02:05 2019
