Current configuration:
[NAME]		[DEFLT]		[VALUE]
-accumdir			/Users/air/Desktop/my_models/kz_model/bwaccumdir/kz_model_buff_1
-agc		none		none
-agcthresh	2.0		2.000000e+00
-cepdir				/Users/air/Desktop/my_models/kz_model/feat
-cepext		mfc		mfc
-ceplen		13		13
-cmn		live		batch
-cmninit	40,3,-1		40,3,-1
-ctlfn				/Users/air/Desktop/my_models/kz_model/etc/kz_model_train.fileids
-dictfn				
-example	no		no
-fdictfn			
-feat		1s_c_d_dd	1s_c_d_dd
-fullvar	no		no
-help		no		no
-lda				
-ldadim		0		0
-lsnfn				
-meanfn				
-moddeffn			
-npart				1
-nskip				0
-part				1
-runlen				0
-scaleseg	no		no
-segdir				
-segext		v8_seg		v8_seg
-svspec				
-ts2cbfn			
-varnorm	no		no

INFO: feat.c(715): Initializing feature stream to type: '1s_c_d_dd', ceplen=13, CMN='batch', VARNORM='no', AGC='none'
INFO: corpus.c(1062): Will process all remaining utts starting at 0
INFO: init_gau.c(134): Computing 1x1x1 mean estimates
INFO: cmn.c(133): CMN: 50.24  6.23 -1.69  2.63  4.03  2.54 -1.14  2.49  4.81  2.99  0.33 -3.65 -0.54 
INFO: cmn.c(133): CMN: 50.82  8.96 -1.57  2.26  0.17 -0.53 -5.95  4.14  4.91  2.73 -0.77 -3.97 -1.03 
INFO: cmn.c(133): CMN: 49.64  6.53 -1.30 -2.25  1.47  0.35 -1.60  2.90  3.89  1.96 -0.65 -3.92 -1.25 
INFO: cmn.c(133): CMN: 63.08  1.61 -0.97 10.92  0.65 -0.60 -10.11 -4.76  4.15  1.52 -1.81 -3.89  0.97 
INFO: cmn.c(133): CMN: 56.36  1.02  2.56  5.63 -4.44 -3.52 -11.35 -6.19  6.18  6.08 -1.57 -1.64  0.34 
INFO: cmn.c(133): CMN: 56.49 -7.25  6.35 18.55 13.23  2.14 -9.00 -14.52 -2.47 -3.38 -5.47 -6.14  6.93 
INFO: cmn.c(133): CMN: 64.65  0.81 -10.98 14.84 -13.95 -3.11 -14.87  9.52 -5.92  7.90 -5.26 -2.70  3.80 
INFO: cmn.c(133): CMN: 51.85 11.92 -5.89  3.16  1.76 -0.32  2.35  2.01  0.25 -2.43  3.75 -5.16 -1.69 
INFO: cmn.c(133): CMN: 50.96 10.49 -4.68  3.70  0.00  1.00  0.70 -1.12 -0.43  8.08  6.72 -7.62 -0.18 
INFO: cmn.c(133): CMN: 58.88  4.75 -1.56 -1.02 -10.99  1.62  1.01 -4.98  2.52  5.05 -1.90 -2.04 -2.03 
INFO: cmn.c(133): CMN: 54.35  3.59 -8.67  0.01 -5.48  2.71 -2.87  0.12  0.03  1.20  3.32  1.87 -0.36 
INFO: cmn.c(133): CMN: 57.97  8.74 -4.35 -2.18 -7.45  4.34 -4.53 -5.93  2.88 -3.98  6.66  1.11 -1.22 
INFO: cmn.c(133): CMN: 54.61  5.06 -0.21 12.49 -0.48 11.02  0.09 -12.08 -12.35  6.28  1.70  6.66 -0.66 
INFO: cmn.c(133): CMN: 58.55 -0.36 -2.15 -5.30 -1.70  1.62 -4.65  1.10  0.37 -0.15 -1.70  0.40 -0.07 
INFO: cmn.c(133): CMN: 59.91  3.71 -1.39 -6.83 -3.12 -1.26 -2.51 -5.64 -2.32 -1.29  3.37  2.79 -2.67 
INFO: cmn.c(133): CMN: 58.79 -0.60 -3.70 -4.87  1.30 -1.35  2.05 -6.74 -1.25 -1.39  3.36 -2.41  1.78 
INFO: cmn.c(133): CMN: 59.72  1.16 -0.40 -0.92  4.49 -14.86 -11.69 12.08 -6.58 19.26 -6.30 -7.41  6.06 
INFO: cmn.c(133): CMN: 61.10  5.58 -5.01  4.38 -3.61  1.08  6.30  2.14 -5.69 -7.98 -0.67  0.50 -2.93 
INFO: cmn.c(133): CMN: 63.04  9.08 -4.79 10.48 -1.42 -4.70  2.45 -1.23 -3.84 -12.40  3.93 -0.97 -3.91 
INFO: cmn.c(133): CMN: 61.69 11.54 -5.89 12.46 -5.56  0.96  1.25 -1.38 -0.28 -7.51  1.56 -4.06  4.34 
INFO: cmn.c(133): CMN: 68.08  1.08 -0.85  5.55  0.70 -0.40 -2.03  3.04 -5.17 -5.11  2.47 -4.74 -3.48 
INFO: cmn.c(133): CMN: 60.01 10.87 -3.81  6.26 -5.95  0.43 -0.60  1.40 -1.92 -6.57  3.46 -2.82  0.14 
INFO: cmn.c(133): CMN: 55.17  4.34 -2.49  4.48 -5.25  1.63 -5.01 -2.85  0.89 -3.24  2.09 -1.60  0.39 
INFO: cmn.c(133): CMN: 60.72  7.78 -2.42  5.82 -2.67  2.71  4.07 -1.25  0.44 -9.37  5.14 -3.91 -0.91 
INFO: cmn.c(133): CMN: 57.88  8.53 -3.99  6.18 -4.21  3.41  0.26 -1.78 -2.48 -6.46  4.38 -0.85 -2.54 
INFO: cmn.c(133): CMN: 58.93  9.89 -3.25  0.62 -0.89  3.37 -0.48  0.71 -3.19 -3.72  1.42 -1.20  0.49 
INFO: cmn.c(133): CMN: 62.93 11.88 -0.47 16.48 -3.30  9.73 -23.40 -2.48  6.68  2.61  3.42  1.84 11.79 
INFO: cmn.c(133): CMN: 60.38  5.01 -3.69  3.22  0.17  4.81  3.86  0.92 -4.26 -5.24  0.21  2.60 -3.22 
INFO: cmn.c(133): CMN: 55.85  7.22 -9.39  0.73 -1.26  4.13 -2.70  0.66 -0.52 -10.82  4.36 -2.29 -1.52 
INFO: cmn.c(133): CMN: 57.02 10.77  3.95 15.44 13.40  7.19  0.40 -2.64 -4.97  3.73 -4.54  7.12 -0.04 
INFO: cmn.c(133): CMN: 56.74  7.53 -7.33  2.55 -2.77  5.51 -2.22 -7.26 -3.35 -6.05  5.18  0.34 -3.77 
INFO: cmn.c(133): CMN: 60.43 10.29 -7.63 10.13 -1.02  2.40  1.64 -0.80 -2.26 -10.04  3.25 -2.49 -2.90 
INFO: cmn.c(133): CMN: 56.98  6.04 -3.19  6.41 -2.41 -0.81 -1.01  3.15  0.78 -5.51  3.24 -1.25 -1.35 
INFO: cmn.c(133): CMN: 59.95 10.30 -5.26 10.38 -3.57  5.81 -4.15  1.89  4.11 -7.58  8.49 -8.47  1.69 
INFO: cmn.c(133): CMN: 53.92  9.44 -1.90  3.18 -7.92  1.51 -3.21  4.73 -3.04 -3.15  4.28 -2.54  1.55 
INFO: cmn.c(133): CMN: 66.60  2.54  3.45 10.39 -5.71  0.96 -9.08  2.26 -23.90 16.21  4.57 10.52  5.02 
INFO: cmn.c(133): CMN: 33.04 10.12 -7.17 -0.22 -6.12  4.16  1.73  1.06 -0.27  0.41  1.73 -0.08  3.54 
INFO: cmn.c(133): CMN: 39.80 12.52 -16.21 -0.05 -13.69 -2.63 10.57 -2.84 -1.09 -3.94  7.38  1.95 -5.24 
INFO: cmn.c(133): CMN: 35.64 11.03 -2.47  8.35 -8.38  3.45  6.25 -0.91 -1.29 -1.79  2.87 -5.41  0.67 
INFO: cmn.c(133): CMN: 36.45 12.80 -1.78  8.62 -8.57  2.82  5.65  1.12 -1.95 -1.70  2.98 -1.77  0.51 
INFO: cmn.c(133): CMN: 57.92  8.20 -2.38  2.70 -5.13  2.36 -0.25  2.66 -4.64 -4.77  1.55  4.06  0.63 
INFO: cmn.c(133): CMN: 53.97  9.43 -1.85  2.95 -5.57  0.04 -2.38 -0.72  0.18 -1.93  5.28  0.26  0.47 
INFO: cmn.c(133): CMN: 58.18  7.38 -2.63  3.22 -1.29  0.87 -1.77 -3.28  0.20 -2.42 -0.23 -1.36 -0.44 
INFO: cmn.c(133): CMN: 55.71 -5.51 -7.10 -3.15  0.16  0.39 -1.63  0.42  2.76  1.67 -1.40  3.38 -0.75 
INFO: cmn.c(133): CMN: 56.64 -3.95 -7.81 -5.14  0.14  5.12 -7.48 -2.58 -2.33 -1.62  3.97  2.66 -2.06 
INFO: cmn.c(133): CMN: 57.01 -1.71 -7.63 -1.08  1.17  4.69 -4.31 -0.72 -3.42 -1.69 -2.14 -0.70  4.21 
INFO: cmn.c(133): CMN: 52.43  8.65 -2.62  0.70 -3.72  2.96 -2.05 -4.59 -0.85 -0.03 -0.04  0.28  1.78 
INFO: cmn.c(133): CMN: 53.62  7.16  6.57 -1.76 -10.80  0.93 -2.22 -3.21 -0.29 -2.03 -1.58 -1.86  2.21 
INFO: cmn.c(133): CMN: 54.53  5.35  1.69 -1.43 -6.82  2.27 -3.10 -3.42  1.60 -2.56  4.02 -2.66  0.31 
INFO: cmn.c(133): CMN: 56.94  2.88 -1.09  5.10 -3.68  2.29 -0.26 -2.44 -1.04 -3.64  3.16 -3.45 -1.43 
INFO: cmn.c(133): CMN: 59.10  3.43 -2.29  5.68 -3.30  5.01 -0.41 -2.86 -4.20 -3.96  4.84 -3.71 -3.19 
INFO: cmn.c(133): CMN: 60.32  4.48 -3.73  2.84 -4.91  3.67 -0.10  0.17 -1.69 -6.28  7.39 -5.64 -2.47 
INFO: cmn.c(133): CMN: 58.49 -2.37 -1.33  2.46 -5.14  7.79 -5.14  3.88 -4.92  1.59  6.56 -6.83  0.48 
INFO: cmn.c(133): CMN: 52.92 12.83  1.21 -1.99 -11.09 -0.69 -9.99 -6.47 -2.26 -4.47  2.29 -0.64  3.46 
INFO: cmn.c(133): CMN: 50.62 12.14  0.39 -2.17 -9.02  0.33 -3.13  0.02  1.82 -2.88  0.12 -2.81  4.24 
INFO: cmn.c(133): CMN: 53.10 14.21  1.31  0.46 -7.32  0.86 -6.07 -1.20 -0.01 -4.01  5.95 -0.08  7.51 
INFO: cmn.c(133): CMN: 63.13  9.35 -7.11  4.30 -5.48  0.84 -8.06 -9.05 -5.86 -5.63 12.09 -6.34 -2.89 
INFO: cmn.c(133): CMN: 62.49  5.17 -7.70 -0.35 -12.09  3.80 -5.09  2.25 -5.07 -0.04 10.24 -6.36 -2.30 
INFO: cmn.c(133): CMN: 58.14  8.04 -3.98 -1.04 -11.43  6.37 -8.47 -0.35 -3.45  2.11  9.77 -6.89  2.64 
INFO: cmn.c(133): CMN: 57.14  7.85 -4.17 -2.61 -9.22  4.30 -8.91 -2.05  3.76 -0.20  2.09 -3.82  3.89 
INFO: cmn.c(133): CMN: 62.28  7.14 -5.49  9.16 -1.01  2.04  1.07  0.39  1.17 -7.90  1.85 -2.91  2.20 
INFO: cmn.c(133): CMN: 59.08  7.83 -5.51  3.13 -5.63  2.75 -5.21  1.00  1.11 -2.43  2.84 -8.30  2.32 
INFO: cmn.c(133): CMN: 59.65  9.15 -8.64  4.50 -0.97 -2.72 -1.81 -3.22 -3.70 -4.09  0.11 -4.72  3.67 
INFO: cmn.c(133): CMN: 63.99 10.45 -11.11 13.84 -3.30  0.48 -9.20  1.55 -5.77  3.85 -10.72 -0.97  5.85 
INFO: cmn.c(133): CMN: 63.92  8.35  1.40 -4.49 -10.41  6.59 -1.02  2.91 -3.60 -9.21  4.01 -2.07  2.99 
INFO: cmn.c(133): CMN: 57.16 12.45 -1.34 -0.11 -12.84  5.59 -0.76  1.22 -5.83 -3.49  2.41 -3.31  3.57 
INFO: cmn.c(133): CMN: 62.66  2.90 -5.27  2.39 -10.10  4.95 -0.77 -1.17 -3.89  5.99  4.41 -9.01  2.19 
INFO: cmn.c(133): CMN: 60.08  7.87 -1.41  1.76 -13.97  3.93  3.56 -1.67 -3.82 -2.08  4.31 -7.09  4.62 
INFO: cmn.c(133): CMN: 68.61  6.70 -3.10  0.96 -12.22  2.49 -0.71 -7.49 -5.74 -7.29  2.29 -4.63  2.41 
INFO: cmn.c(133): CMN: 66.43  5.88 -7.48  1.05 -5.76 -2.15 -5.72 -2.82 -0.51  1.59  1.41 -2.30  0.47 
INFO: cmn.c(133): CMN: 64.46  2.59  3.42 -9.17 -5.17  3.37 -1.60 -2.73 -1.49 -3.89  1.26 -2.97  2.99 
INFO: cmn.c(133): CMN: 64.46  2.59  3.42 -9.17 -5.17  3.37 -1.60 -2.73 -1.49 -3.89  1.26 -2.97  2.99 
INFO: cmn.c(133): CMN: 63.64 -0.02 -16.33  1.48 -5.43  0.34 -4.25 -3.55 -3.86  2.17  9.61 -6.40 -2.28 
INFO: cmn.c(133): CMN: 60.09  6.72 -2.67  0.59 -2.34  2.43 -4.88 -0.09 -1.36 -6.10  3.17  0.69 -1.35 
INFO: cmn.c(133): CMN: 60.44  6.91 -3.32 -0.34 -7.33 -0.77 -9.65 -5.52 -5.87 -2.76  5.73  1.36  1.38 
INFO: cmn.c(133): CMN: 61.80 10.81 -2.36  1.51 -9.30 -0.01  3.18 -4.15  3.67 -0.48  1.28 -2.34  4.45 
INFO: cmn.c(133): CMN: 62.04 12.05 -3.72  4.02 -10.73  0.98 -1.23 -2.46 -1.01 -3.04  5.84 -3.49  2.09 
INFO: cmn.c(133): CMN: 56.65  7.14 -6.33 -2.83 -9.01  2.77 -0.04  1.07 -7.20 -4.59  6.35  1.63  1.70 
INFO: cmn.c(133): CMN: 61.04  4.58 -2.29  0.15 -8.31 -2.53  1.83 -1.12 -8.64 -4.57  1.34  0.71  2.17 
INFO: cmn.c(133): CMN: 58.00  4.29 -5.11  1.27 -2.07  0.05 -1.26 -2.97 -5.22 -3.39  4.39 -1.59  0.81 
INFO: cmn.c(133): CMN: 58.14 -0.89  1.57 -2.21 -4.19  4.58 -0.67 -0.66 -5.80 -0.68  7.74 -4.80  3.08 
INFO: cmn.c(133): CMN: 61.99  5.91 -2.14  1.99 -1.66  1.22 -0.30 -3.93 -5.57 -2.38  7.01 -6.74 -0.02 
INFO: cmn.c(133): CMN: 58.05  3.21  1.49 -0.11 -5.38  4.53 -1.99  0.87 -3.71 -2.93  6.45 -0.78  4.50 
INFO: cmn.c(133): CMN: 59.48 11.94 -5.72 -5.23 -10.84 -4.33  2.44 -6.96  2.99 -2.27  5.38 -1.24  0.92 
INFO: cmn.c(133): CMN: 61.95  0.35 -7.54  1.58 -9.57 -0.68 -0.63 -2.76 -6.71 -1.58  1.49  2.79  2.78 
INFO: cmn.c(133): CMN: 59.57  7.26  1.95  0.75 -3.49 -1.00 -1.25 -7.81 -6.39  0.17 -2.22  0.30 -1.38 
INFO: cmn.c(133): CMN: 63.36  1.90 -1.98 -1.86 -6.34  1.64 -6.05 -0.30 -6.77 -0.80 -0.01 -3.59  3.50 
INFO: cmn.c(133): CMN: 59.42  4.13 -7.27 -1.01 -6.98  3.64  0.49 -1.26 -2.00 -6.43  4.16 -0.79  3.09 
INFO: cmn.c(133): CMN: 62.40  4.94 -7.29 -1.33 -11.21  4.46 -0.85 -7.68 -6.98  1.65  7.69 -7.01 -0.68 
INFO: cmn.c(133): CMN: 61.22  6.91 -1.59 -1.93 -1.14 -5.11 -2.46 -3.48  2.70 -0.94 -0.90 -1.68  2.95 
INFO: cmn.c(133): CMN: 53.01  6.36 -3.49 -2.28 -10.98  2.20 -0.04 -5.95 -4.31 -1.12  1.18  1.78  2.81 
INFO: cmn.c(133): CMN: 64.04  7.58 -7.98  1.72 -17.30 -3.86  2.83  1.95 -6.19 -5.27 -0.18  3.33  2.85 
INFO: cmn.c(133): CMN: 61.80  7.82 -6.33  4.39 -1.51  1.96 -9.71 -1.14 -4.93 -7.04  3.46 -4.14 -1.53 
INFO: cmn.c(133): CMN: 57.90  2.83 -3.76  7.07 -10.17  5.35 -10.25 -5.47  1.83 -5.03  5.27 -6.26  0.84 
INFO: cmn.c(133): CMN: 61.16 -4.44 -4.52  9.21 -2.77 -1.40 -7.70 -0.71  2.34 -1.26 -0.56 -4.55  0.76 
INFO: cmn.c(133): CMN: 62.76  7.55 -1.94 -6.90 -9.67  8.20 -1.81 -4.47 -7.92 -0.18  0.92 -0.56  3.38 
INFO: cmn.c(133): CMN: 65.94 10.34  3.77 -1.63 -13.54 -4.23  3.15 -6.45  2.50 -4.00  4.65 -7.45 -1.79 
INFO: cmn.c(133): CMN: 58.77  7.84  0.51 -3.58 -7.95 -0.32 -6.94 -7.07 -4.61 -0.76  0.78 -0.16  2.42 
INFO: cmn.c(133): CMN: 62.69  0.51  2.44 -4.37 -14.83  1.96 -2.29  1.09 -4.83  0.67  0.13 -4.33  2.14 
[100] INFO: cmn.c(133): CMN: 59.87  2.47 -5.39 -2.23 -6.11 -0.25 -1.27 -3.60 -4.35  1.49  3.08 -2.07 -4.25 
INFO: s3gau_io.c(485): Wrote /Users/air/Desktop/my_models/kz_model/bwaccumdir/kz_model_buff_1/gauden_counts with means [1x1x1 vector arrays]
Fri Feb 22 21:02:05 2019
