        INFO: main.c(229): Compiled on Feb 17 2019 at 21:00:43
Current configuration:
[NAME]		[DEFLT]		[VALUE]
-2passvar	no		yes
-abeam		1e-100		1.000000e-90
-accumdir			/Users/air/Desktop/my_models/kz_model/bwaccumdir/kz_model_buff_1
-agc		none		none
-agcthresh	2.0		2.000000e+00
-bbeam		1e-100		1.000000e-10
-cb2mllrfn	.1cls.		.1cls.
-cepdir				/Users/air/Desktop/my_models/kz_model/feat
-cepext		mfc		mfc
-ceplen		13		13
-ckptintv			0
-cmn		live		batch
-cmninit	40,3,-1		40,3,-1
-ctlfn				/Users/air/Desktop/my_models/kz_model/etc/kz_model_train.fileids
-diagfull	no		no
-dictfn				/Users/air/Desktop/my_models/kz_model/etc/kz_model.dic
-example	no		no
-fdictfn			/Users/air/Desktop/my_models/kz_model/etc/kz_model.filler
-feat		1s_c_d_dd	1s_c_d_dd
-fullvar	no		no
-help		no		no
-hmmdir				
-latdir				
-latext				
-lda				
-ldadim		0		0
-lsnfn				/Users/air/Desktop/my_models/kz_model/etc/kz_model_train.transcription
-lw		11.5		1.150000e+01
-maxuttlen	0		0
-meanfn				/Users/air/Desktop/my_models/kz_model/model_parameters/kz_model.ci_cont/means
-meanreest	yes		yes
-mixwfn				/Users/air/Desktop/my_models/kz_model/model_parameters/kz_model.ci_cont/mixture_weights
-mixwreest	yes		yes
-mllrmat			
-mmie		no		no
-mmie_type	rand		rand
-moddeffn			/Users/air/Desktop/my_models/kz_model/model_architecture/kz_model.ci.mdef
-mwfloor	0.00001		1.000000e-08
-npart				1
-nskip				0
-outphsegdir			
-outputfullpath	no		no
-part				1
-pdumpdir			
-phsegdir			
-phsegext	phseg		phseg
-runlen		-1		-1
-sentdir			
-sentext	sent		sent
-spthresh	0.0		0.000000e+00
-svspec				
-timing		yes		no
-tmatfn				/Users/air/Desktop/my_models/kz_model/model_parameters/kz_model.ci_cont/transition_matrices
-tmatreest	yes		yes
-topn		4		1
-tpfloor	0.0001		1.000000e-04
-ts2cbfn			.cont.
-varfloor	0.00001		1.000000e-04
-varfn				/Users/air/Desktop/my_models/kz_model/model_parameters/kz_model.ci_cont/variances
-varnorm	no		no
-varreest	yes		yes
-viterbi	no		no

INFO: feat.c(715): Initializing feature stream to type: '1s_c_d_dd', ceplen=13, CMN='batch', VARNORM='no', AGC='none'
INFO: main.c(318): Reading /Users/air/Desktop/my_models/kz_model/model_architecture/kz_model.ci.mdef
INFO: model_def_io.c(573): Model definition info:
INFO: model_def_io.c(574): 33 total models defined (33 base, 0 tri)
INFO: model_def_io.c(575): 132 total states
INFO: model_def_io.c(576): 99 total tied states
INFO: model_def_io.c(577): 99 total tied CI states
INFO: model_def_io.c(578): 33 total tied transition matrices
INFO: model_def_io.c(579): 4 max state/model
INFO: model_def_io.c(580): 4 min state/model
INFO: s3mixw_io.c(117): Read /Users/air/Desktop/my_models/kz_model/model_parameters/kz_model.ci_cont/mixture_weights [99x1x1 array]
INFO: s3tmat_io.c(118): Read /Users/air/Desktop/my_models/kz_model/model_parameters/kz_model.ci_cont/transition_matrices [33x3x4 array]
INFO: mod_inv.c(301): inserting tprob floor 1.000000e-04 and renormalizing
INFO: s3gau_io.c(169): Read /Users/air/Desktop/my_models/kz_model/model_parameters/kz_model.ci_cont/means [99x1x1 array]
INFO: s3gau_io.c(169): Read /Users/air/Desktop/my_models/kz_model/model_parameters/kz_model.ci_cont/variances [99x1x1 array]
INFO: gauden.c(176): 99 total mgau
INFO: gauden.c(150): 1 feature streams (|0|=39 )
INFO: gauden.c(187): 1 total densities
INFO: gauden.c(90): min_var=1.000000e-04
INFO: gauden.c(165): compute 1 densities/frame
INFO: main.c(431): Will reestimate mixing weights.
INFO: main.c(433): Will reestimate means.
INFO: main.c(435): Will reestimate variances.
INFO: main.c(443): Will reestimate transition matrices
INFO: main.c(456): Reading main dictionary: /Users/air/Desktop/my_models/kz_model/etc/kz_model.dic
INFO: lexicon.c(221): 53 entries added from /Users/air/Desktop/my_models/kz_model/etc/kz_model.dic
INFO: main.c(466): Reading filler dictionary: /Users/air/Desktop/my_models/kz_model/etc/kz_model.filler
INFO: lexicon.c(221): 3 entries added from /Users/air/Desktop/my_models/kz_model/etc/kz_model.filler
INFO: corpus.c(1062): Will process all remaining utts starting at 0
INFO: main.c(665): Reestimation: Baum-Welch
INFO: cmn.c(133): CMN: 50.24  6.23 -1.69  2.63  4.03  2.54 -1.14  2.49  4.81  2.99  0.33 -3.65 -0.54 
column defns
	<seq>
	<id>
	<n_frame_in>
	<n_frame_del>
	<n_state_shmm>
	<avg_states_alpha>
	<avg_states_beta>
	<avg_states_reest>
	<avg_posterior_prune>
	<frame_log_lik>
	<utt_log_lik>
	... timing info ... 
utt>     0                         1  227    0INFO: cvt2triphone.c(199): no multiphones defined, no conversion done
    28 22  4 9 5.826952e-12 -1.419423e+02 -3.222089e+04
INFO: cmn.c(133): CMN: 50.82  8.96 -1.57  2.26  0.17 -0.53 -5.95  4.14  4.91  2.73 -0.77 -3.97 -1.03 
utt>     1                         2  254    0    28 20  3 6 6.826831e-12 -1.424264e+02 -3.617630e+04
INFO: cmn.c(133): CMN: 49.64  6.53 -1.30 -2.25  1.47  0.35 -1.60  2.90  3.89  1.96 -0.65 -3.92 -1.25 
utt>     2                         3  310    0    28 21  3 7 5.038901e-12 -1.430131e+02 -4.433407e+04
INFO: cmn.c(133): CMN: 63.08  1.61 -0.97 10.92  0.65 -0.60 -10.11 -4.76  4.15  1.52 -1.81 -3.89  0.97 
utt>     3                         4  190    0    28 22  4 8 5.476533e-12 -1.420287e+02 -2.698545e+04
INFO: cmn.c(133): CMN: 56.36  1.02  2.56  5.63 -4.44 -3.52 -11.35 -6.19  6.18  6.08 -1.57 -1.64  0.34 
utt>     4                         5  178    0    28 22  5 10 7.993939e-12 -1.442389e+02 -2.567452e+04
INFO: cmn.c(133): CMN: 56.49 -7.25  6.35 18.55 13.23  2.14 -9.00 -14.52 -2.47 -3.38 -5.47 -6.14  6.93 
utt>     5                         6   64    0    28 18  4 8 6.480129e-12 -1.669447e+02 -1.068446e+04
INFO: cmn.c(133): CMN: 64.65  0.81 -10.98 14.84 -13.95 -3.11 -14.87  9.52 -5.92  7.90 -5.26 -2.70  3.80 
utt>     6                         7   67    0    28 18  4 8 1.038505e-11 -1.731985e+02 -1.160430e+04
INFO: cmn.c(133): CMN: 51.85 11.92 -5.89  3.16  1.76 -0.32  2.35  2.01  0.25 -2.43  3.75 -5.16 -1.69 
utt>     7                         8  220    0    36 31  3 6 6.040772e-12 -1.448041e+02 -3.185691e+04
INFO: cmn.c(133): CMN: 50.96 10.49 -4.68  3.70  0.00  1.00  0.70 -1.12 -0.43  8.08  6.72 -7.62 -0.18 
utt>     8                         9  221    0    36 31  5 10 8.078352e-12 -1.461145e+02 -3.229130e+04
INFO: cmn.c(133): CMN: 58.88  4.75 -1.56 -1.02 -10.99  1.62  1.01 -4.98  2.52  5.05 -1.90 -2.04 -2.03 
utt>     9                        10  200    0    32 26  5 10 7.351386e-12 -1.449675e+02 -2.899350e+04
INFO: cmn.c(133): CMN: 54.35  3.59 -8.67  0.01 -5.48  2.71 -2.87  0.12  0.03  1.20  3.32  1.87 -0.36 
utt>    10                        11  291    0    32 23  2 5 4.351441e-12 -1.428929e+02 -4.158183e+04
INFO: cmn.c(133): CMN: 57.97  8.74 -4.35 -2.18 -7.45  4.34 -4.53 -5.93  2.88 -3.98  6.66  1.11 -1.22 
utt>    11                        12  232    0    32 25  4 9 8.182809e-12 -1.446561e+02 -3.356022e+04
INFO: cmn.c(133): CMN: 54.61  5.06 -0.21 12.49 -0.48 11.02  0.09 -12.08 -12.35  6.28  1.70  6.66 -0.66 
utt>    12                        13   91    0    32 24  5 11 7.789925e-12 -1.574554e+02 -1.432844e+04
INFO: cmn.c(133): CMN: 58.55 -0.36 -2.15 -5.30 -1.70  1.62 -4.65  1.10  0.37 -0.15 -1.70  0.40 -0.07 
utt>    13                        14  297    0    44 33  4 8 7.437703e-12 -1.467765e+02 -4.359261e+04
INFO: cmn.c(133): CMN: 59.91  3.71 -1.39 -6.83 -3.12 -1.26 -2.51 -5.64 -2.32 -1.29  3.37  2.79 -2.67 
utt>    14                        15  335    0    44 24  3 7 8.524978e-12 -1.465830e+02 -4.910532e+04
INFO: cmn.c(133): CMN: 58.79 -0.60 -3.70 -4.87  1.30 -1.35  2.05 -6.74 -1.25 -1.39  3.36 -2.41  1.78 
utt>    15                        16  300    0    44 35  5 10 1.000394e-11 -1.478892e+02 -4.436677e+04
INFO: cmn.c(133): CMN: 59.72  1.16 -0.40 -0.92  4.49 -14.86 -11.69 12.08 -6.58 19.26 -6.30 -7.41  6.06 
utt>    16                        17  109    0    44 31  7 14 1.251984e-11 -1.698451e+02 -1.851311e+04
INFO: cmn.c(133): CMN: 61.10  5.58 -5.01  4.38 -3.61  1.08  6.30  2.14 -5.69 -7.98 -0.67  0.50 -2.93 
utt>    17                        18  237    0    60 43  5 11 1.535438e-11 -1.453738e+02 -3.445359e+04
INFO: cmn.c(133): CMN: 63.04  9.08 -4.79 10.48 -1.42 -4.70  2.45 -1.23 -3.84 -12.40  3.93 -0.97 -3.91 
utt>    18                        19  210    0    60 40  6 12 8.738751e-12 -1.490446e+02 -3.129938e+04
INFO: cmn.c(133): CMN: 61.69 11.54 -5.89 12.46 -5.56  0.96  1.25 -1.38 -0.28 -7.51  1.56 -4.06  4.34 
utt>    19                        20  221    0    60 39  6 13 1.242532e-11 -1.493520e+02 -3.300678e+04
INFO: cmn.c(133): CMN: 68.08  1.08 -0.85  5.55  0.70 -0.40 -2.03  3.04 -5.17 -5.11  2.47 -4.74 -3.48 
utt>    20                        21  232    0    76 55  8 17 1.479834e-11 -1.496141e+02 -3.471046e+04
INFO: cmn.c(133): CMN: 60.01 10.87 -3.81  6.26 -5.95  0.43 -0.60  1.40 -1.92 -6.57  3.46 -2.82  0.14 
utt>    21                        22  211    0    76 53  8 17 1.686925e-11 -1.477520e+02 -3.117568e+04
INFO: cmn.c(133): CMN: 55.17  4.34 -2.49  4.48 -5.25  1.63 -5.01 -2.85  0.89 -3.24  2.09 -1.60  0.39 
utt>    22                        23  273    0    76 51  5 11 1.125274e-11 -1.469166e+02 -4.010823e+04
INFO: cmn.c(133): CMN: 60.72  7.78 -2.42  5.82 -2.67  2.71  4.07 -1.25  0.44 -9.37  5.14 -3.91 -0.91 
utt>    23                        24  217    0   116 86  9 19 1.579793e-11 -1.522752e+02 -3.304372e+04
INFO: cmn.c(133): CMN: 57.88  8.53 -3.99  6.18 -4.21  3.41  0.26 -1.78 -2.48 -6.46  4.38 -0.85 -2.54 
utt>    24                        25  321    0   116 83  7 14 1.788257e-11 -1.486545e+02 -4.771808e+04
INFO: cmn.c(133): CMN: 58.93  9.89 -3.25  0.62 -0.89  3.37 -0.48  0.71 -3.19 -3.72  1.42 -1.20  0.49 
utt>    25                        26  366    0   116 92  11 22 1.889064e-11 -1.520725e+02 -5.565852e+04
INFO: cmn.c(133): CMN: 62.93 11.88 -0.47 16.48 -3.30  9.73 -23.40 -2.48  6.68  2.61  3.42  1.84 11.79 
utt>    26                        27  229    0   116 70  8 16 1.801407e-11 -1.662496e+02 -3.807117e+04
INFO: cmn.c(133): CMN: 60.38  5.01 -3.69  3.22  0.17  4.81  3.86  0.92 -4.26 -5.24  0.21  2.60 -3.22 
utt>    27                        28  249    0    60 42  6 12 8.574614e-12 -1.467890e+02 -3.655045e+04
INFO: cmn.c(133): CMN: 55.85  7.22 -9.39  0.73 -1.26  4.13 -2.70  0.66 -0.52 -10.82  4.36 -2.29 -1.52 
utt>    28                        29  214    0    60 42  4 9 8.776535e-12 -1.474970e+02 -3.156435e+04
INFO: cmn.c(133): CMN: 57.02 10.77  3.95 15.44 13.40  7.19  0.40 -2.64 -4.97  3.73 -4.54  7.12 -0.04 
utt>    29                        30  143    0    60 42  6 13 1.441193e-11 -1.649282e+02 -2.358473e+04
INFO: cmn.c(133): CMN: 56.74  7.53 -7.33  2.55 -2.77  5.51 -2.22 -7.26 -3.35 -6.05  5.18  0.34 -3.77 
utt>    30                        31  287    0    60 44  5 11 1.437935e-11 -1.478962e+02 -4.244620e+04
INFO: cmn.c(133): CMN: 60.43 10.29 -7.63 10.13 -1.02  2.40  1.64 -0.80 -2.26 -10.04  3.25 -2.49 -2.90 
utt>    31                        32  246    0    80 55  7 14 8.570456e-12 -1.498667e+02 -3.686720e+04
INFO: cmn.c(133): CMN: 56.98  6.04 -3.19  6.41 -2.41 -0.81 -1.01  3.15  0.78 -5.51  3.24 -1.25 -1.35 
utt>    32                        33  325    0    80 54  7 14 1.451591e-11 -1.482896e+02 -4.819413e+04
INFO: cmn.c(133): CMN: 59.95 10.30 -5.26 10.38 -3.57  5.81 -4.15  1.89  4.11 -7.58  8.49 -8.47  1.69 
utt>    33                        34  285    0    80 58  7 14 1.660393e-11 -1.495670e+02 -4.262659e+04
INFO: cmn.c(133): CMN: 53.92  9.44 -1.90  3.18 -7.92  1.51 -3.21  4.73 -3.04 -3.15  4.28 -2.54  1.55 
utt>    34                        35  315    0    80 55  6 13 1.730740e-11 -1.479995e+02 -4.661984e+04
INFO: cmn.c(133): CMN: 66.60  2.54  3.45 10.39 -5.71  0.96 -9.08  2.26 -23.90 16.21  4.57 10.52  5.02 
utt>    35                        36  192    0    80 60  7 15 2.266459e-11 -1.644644e+02 -3.157716e+04
INFO: cmn.c(133): CMN: 33.04 10.12 -7.17 -0.22 -6.12  4.16  1.73  1.06 -0.27  0.41  1.73 -0.08  3.54 
utt>    36                        37   98    0    28 21  4 9 7.549248e-12 -1.458588e+02 -1.429416e+04
INFO: cmn.c(133): CMN: 39.80 12.52 -16.21 -0.05 -13.69 -2.63 10.57 -2.84 -1.09 -3.94  7.38  1.95 -5.24 
utt>    37                        38  137    0    28 23  5 11 1.863487e-11 -1.462494e+02 -2.003617e+04
INFO: cmn.c(133): CMN: 35.64 11.03 -2.47  8.35 -8.38  3.45  6.25 -0.91 -1.29 -1.79  2.87 -5.41  0.67 
utt>    38                        39  282    0    72 49  9 18 1.601496e-11 -1.465052e+02 -4.131447e+04
INFO: cmn.c(133): CMN: 36.45 12.80 -1.78  8.62 -8.57  2.82  5.65  1.12 -1.95 -1.70  2.98 -1.77  0.51 
utt>    39                        40  305    0    72 49  8 17 1.771037e-11 -1.468776e+02 -4.479766e+04
INFO: cmn.c(133): CMN: 57.92  8.20 -2.38  2.70 -5.13  2.36 -0.25  2.66 -4.64 -4.77  1.55  4.06  0.63 
utt>    40                        41  201    0    40 29  4 8 8.378070e-12 -1.472404e+02 -2.959533e+04
INFO: cmn.c(133): CMN: 53.97  9.43 -1.85  2.95 -5.57  0.04 -2.38 -0.72  0.18 -1.93  5.28  0.26  0.47 
utt>    41                        42  244    0    40 30  5 10 9.292291e-12 -1.453714e+02 -3.547063e+04
INFO: cmn.c(133): CMN: 58.18  7.38 -2.63  3.22 -1.29  0.87 -1.77 -3.28  0.20 -2.42 -0.23 -1.36 -0.44 
utt>    42                        43  197    0    40 29  5 10 1.178786e-11 -1.455439e+02 -2.867215e+04
INFO: cmn.c(133): CMN: 55.71 -5.51 -7.10 -3.15  0.16  0.39 -1.63  0.42  2.76  1.67 -1.40  3.38 -0.75 
utt>    43                        44  206    0    28 23  4 8 9.947826e-12 -1.458296e+02 -3.004090e+04
INFO: cmn.c(133): CMN: 56.64 -3.95 -7.81 -5.14  0.14  5.12 -7.48 -2.58 -2.33 -1.62  3.97  2.66 -2.06 
utt>    44                        45  176    0    28 24  4 9 1.451099e-11 -1.454090e+02 -2.559198e+04
INFO: cmn.c(133): CMN: 57.01 -1.71 -7.63 -1.08  1.17  4.69 -4.31 -0.72 -3.42 -1.69 -2.14 -0.70  4.21 
utt>    45                        46  159    0    28 23  3 7 5.947490e-12 -1.450573e+02 -2.306412e+04
INFO: cmn.c(133): CMN: 52.43  8.65 -2.62  0.70 -3.72  2.96 -2.05 -4.59 -0.85 -0.03 -0.04  0.28  1.78 
utt>    46                        47  236    0    44 33  5 11 1.537774e-11 -1.481810e+02 -3.497072e+04
INFO: cmn.c(133): CMN: 53.62  7.16  6.57 -1.76 -10.80  0.93 -2.22 -3.21 -0.29 -2.03 -1.58 -1.86  2.21 
utt>    47                        48  214    0    44 38  6 12 1.714906e-11 -1.463297e+02 -3.131456e+04
INFO: cmn.c(133): CMN: 54.53  5.35  1.69 -1.43 -6.82  2.27 -3.10 -3.42  1.60 -2.56  4.02 -2.66  0.31 
utt>    48                        49  210    0    44 38  7 15 1.326971e-11 -1.480106e+02 -3.108223e+04
INFO: cmn.c(133): CMN: 56.94  2.88 -1.09  5.10 -3.68  2.29 -0.26 -2.44 -1.04 -3.64  3.16 -3.45 -1.43 
utt>    49                        50  415    0   132 66  6 13 1.167881e-11 -1.505587e+02 -6.248187e+04
INFO: cmn.c(133): CMN: 59.10  3.43 -2.29  5.68 -3.30  5.01 -0.41 -2.86 -4.20 -3.96  4.84 -3.71 -3.19 
utt>    50                        51  300    0   132 77  10 20 1.554791e-11 -1.548739e+02 -4.646216e+04
INFO: cmn.c(133): CMN: 60.32  4.48 -3.73  2.84 -4.91  3.67 -0.10  0.17 -1.69 -6.28  7.39 -5.64 -2.47 
utt>    51                        52  394    0   132 67  7 15 1.338616e-11 -1.498001e+02 -5.902123e+04
INFO: cmn.c(133): CMN: 58.49 -2.37 -1.33  2.46 -5.14  7.79 -5.14  3.88 -4.92  1.59  6.56 -6.83  0.48 
utt>    52                        53  317    0   132 83  11 23 2.869127e-11 -1.506703e+02 -4.776248e+04
INFO: cmn.c(133): CMN: 52.92 12.83  1.21 -1.99 -11.09 -0.69 -9.99 -6.47 -2.26 -4.47  2.29 -0.64  3.46 
utt>    53                        54  148    0    28 20  3 7 7.769283e-12 -1.430774e+02 -2.117545e+04
INFO: cmn.c(133): CMN: 50.62 12.14  0.39 -2.17 -9.02  0.33 -3.13  0.02  1.82 -2.88  0.12 -2.81  4.24 
utt>    54                        55  191    0    28 22  3 7 5.254062e-12 -1.413493e+02 -2.699771e+04
INFO: cmn.c(133): CMN: 53.10 14.21  1.31  0.46 -7.32  0.86 -6.07 -1.20 -0.01 -4.01  5.95 -0.08  7.51 
utt>    55                        56  165    0    28 22  4 9 6.701273e-12 -1.422403e+02 -2.346965e+04
INFO: cmn.c(133): CMN: 63.13  9.35 -7.11  4.30 -5.48  0.84 -8.06 -9.05 -5.86 -5.63 12.09 -6.34 -2.89 
utt>    56                        57  232    0    72 53  7 14 1.993475e-11 -1.498846e+02 -3.477323e+04
INFO: cmn.c(133): CMN: 62.49  5.17 -7.70 -0.35 -12.09  3.80 -5.09  2.25 -5.07 -0.04 10.24 -6.36 -2.30 
utt>    57                        58  242    0    72 53  8 15 2.329826e-11 -1.508743e+02 -3.651159e+04
INFO: cmn.c(133): CMN: 58.14  8.04 -3.98 -1.04 -11.43  6.37 -8.47 -0.35 -3.45  2.11  9.77 -6.89  2.64 
utt>    58                        59  234    0    72 55  7 14 1.583575e-11 -1.511040e+02 -3.535834e+04
INFO: cmn.c(133): CMN: 57.14  7.85 -4.17 -2.61 -9.22  4.30 -8.91 -2.05  3.76 -0.20  2.09 -3.82  3.89 
utt>    59                        60  268    0    72 56  8 17 1.747104e-11 -1.506982e+02 -4.038713e+04
INFO: cmn.c(133): CMN: 62.28  7.14 -5.49  9.16 -1.01  2.04  1.07  0.39  1.17 -7.90  1.85 -2.91  2.20 
utt>    60                        61  195    0    68 53  9 19 1.242569e-11 -1.507923e+02 -2.940449e+04
INFO: cmn.c(133): CMN: 59.08  7.83 -5.51  3.13 -5.63  2.75 -5.21  1.00  1.11 -2.43  2.84 -8.30  2.32 
utt>    61                        62  238    0    68 55  13 27 2.246161e-11 -1.520933e+02 -3.619821e+04
INFO: cmn.c(133): CMN: 59.65  9.15 -8.64  4.50 -0.97 -2.72 -1.81 -3.22 -3.70 -4.09  0.11 -4.72  3.67 
utt>    62                        63  287    0    68 54  6 12 9.776494e-12 -1.499838e+02 -4.304536e+04
INFO: cmn.c(133): CMN: 63.99 10.45 -11.11 13.84 -3.30  0.48 -9.20  1.55 -5.77  3.85 -10.72 -0.97  5.85 
utt>    63                        64   96    0    36 26  5 10 8.640725e-12 -1.686964e+02 -1.619485e+04
INFO: cmn.c(133): CMN: 63.92  8.35  1.40 -4.49 -10.41  6.59 -1.02  2.91 -3.60 -9.21  4.01 -2.07  2.99 
utt>    64                       100  274    0    92 68  9 17 1.667390e-11 -1.509199e+02 -4.135205e+04
INFO: cmn.c(133): CMN: 57.16 12.45 -1.34 -0.11 -12.84  5.59 -0.76  1.22 -5.83 -3.49  2.41 -3.31  3.57 
utt>    65                       101  266    0    92 64  7 14 1.437345e-11 -1.489816e+02 -3.962910e+04
INFO: cmn.c(133): CMN: 62.66  2.90 -5.27  2.39 -10.10  4.95 -0.77 -1.17 -3.89  5.99  4.41 -9.01  2.19 
utt>    66                       102  264    0    92 73  10 20 1.876966e-11 -1.523147e+02 -4.021109e+04
INFO: cmn.c(133): CMN: 60.08  7.87 -1.41  1.76 -13.97  3.93  3.56 -1.67 -3.82 -2.08  4.31 -7.09  4.62 
utt>    67                       103  240    0    92 66  7 14 1.365288e-11 -1.516021e+02 -3.638450e+04
INFO: cmn.c(133): CMN: 68.61  6.70 -3.10  0.96 -12.22  2.49 -0.71 -7.49 -5.74 -7.29  2.29 -4.63  2.41 
utt>    68                       104  174    0    84 62  9 19 1.434173e-11 -1.558075e+02 -2.711051e+04
INFO: cmn.c(133): CMN: 66.43  5.88 -7.48  1.05 -5.76 -2.15 -5.72 -2.82 -0.51  1.59  1.41 -2.30  0.47 
utt>    69                       105  296    0    84 56  6 12 1.122144e-11 -1.470085e+02 -4.351452e+04
INFO: cmn.c(133): CMN: 64.46  2.59  3.42 -9.17 -5.17  3.37 -1.60 -2.73 -1.49 -3.89  1.26 -2.97  2.99 
utt>    70                       106  234    0    84 52  7 15 1.075542e-11 -1.476045e+02 -3.453946e+04
INFO: cmn.c(133): CMN: 64.46  2.59  3.42 -9.17 -5.17  3.37 -1.60 -2.73 -1.49 -3.89  1.26 -2.97  2.99 
utt>    71                       107  234    0    84 52  7 15 1.075542e-11 -1.476045e+02 -3.453946e+04
INFO: cmn.c(133): CMN: 63.64 -0.02 -16.33  1.48 -5.43  0.34 -4.25 -3.55 -3.86  2.17  9.61 -6.40 -2.28 
utt>    72                       108  161    0    32 27  5 11 1.202878e-11 -1.472756e+02 -2.371137e+04
INFO: cmn.c(133): CMN: 60.09  6.72 -2.67  0.59 -2.34  2.43 -4.88 -0.09 -1.36 -6.10  3.17  0.69 -1.35 
utt>    73                       109  125    0    32 26  5 11 1.271622e-11 -1.506092e+02 -1.882615e+04
INFO: cmn.c(133): CMN: 60.44  6.91 -3.32 -0.34 -7.33 -0.77 -9.65 -5.52 -5.87 -2.76  5.73  1.36  1.38 
utt>    74                       110  157    0    32 23  6 12 1.094711e-11 -1.505083e+02 -2.362980e+04
INFO: cmn.c(133): CMN: 61.80 10.81 -2.36  1.51 -9.30 -0.01  3.18 -4.15  3.67 -0.48  1.28 -2.34  4.45 
utt>    75                       111  160    0    36 30  6 12 1.111534e-11 -1.487344e+02 -2.379750e+04
INFO: cmn.c(133): CMN: 62.04 12.05 -3.72  4.02 -10.73  0.98 -1.23 -2.46 -1.01 -3.04  5.84 -3.49  2.09 
utt>    76                       112  137    0    36 29  5 10 9.421767e-12 -1.493838e+02 -2.046558e+04
INFO: cmn.c(133): CMN: 56.65  7.14 -6.33 -2.83 -9.01  2.77 -0.04  1.07 -7.20 -4.59  6.35  1.63  1.70 
utt>    77                       113  208    0    36 26  4 8 7.395459e-12 -1.451344e+02 -3.018796e+04
INFO: cmn.c(133): CMN: 61.04  4.58 -2.29  0.15 -8.31 -2.53  1.83 -1.12 -8.64 -4.57  1.34  0.71  2.17 
utt>    78                       114  216    0    36 30  6 12 1.727779e-11 -1.488654e+02 -3.215493e+04
INFO: cmn.c(133): CMN: 58.00  4.29 -5.11  1.27 -2.07  0.05 -1.26 -2.97 -5.22 -3.39  4.39 -1.59  0.81 
utt>    79                       115  260    0    56 40  6 12 1.460454e-11 -1.472912e+02 -3.829571e+04
INFO: cmn.c(133): CMN: 58.14 -0.89  1.57 -2.21 -4.19  4.58 -0.67 -0.66 -5.80 -0.68  7.74 -4.80  3.08 
utt>    80                       116  221    0    56 42  8 16 1.659745e-11 -1.468194e+02 -3.244708e+04
INFO: cmn.c(133): CMN: 61.99  5.91 -2.14  1.99 -1.66  1.22 -0.30 -3.93 -5.57 -2.38  7.01 -6.74 -0.02 
utt>    81                       117  197    0    56 40  5 10 8.893416e-12 -1.467420e+02 -2.890817e+04
INFO: cmn.c(133): CMN: 58.05  3.21  1.49 -0.11 -5.38  4.53 -1.99  0.87 -3.71 -2.93  6.45 -0.78  4.50 
utt>    82                       118  204    0    56 41  5 11 1.029792e-11 -1.501086e+02 -3.062216e+04
INFO: cmn.c(133): CMN: 59.48 11.94 -5.72 -5.23 -10.84 -4.33  2.44 -6.96  2.99 -2.27  5.38 -1.24  0.92 
utt>    83                       119  238    0    28 24  4 8 7.582160e-12 -1.448066e+02 -3.446398e+04
INFO: cmn.c(133): CMN: 61.95  0.35 -7.54  1.58 -9.57 -0.68 -0.63 -2.76 -6.71 -1.58  1.49  2.79  2.78 
utt>    84                       120  159    0    28 24  5 10 8.925014e-12 -1.446674e+02 -2.300211e+04
INFO: cmn.c(133): CMN: 59.57  7.26  1.95  0.75 -3.49 -1.00 -1.25 -7.81 -6.39  0.17 -2.22  0.30 -1.38 
utt>    85                       121  187    0    28 23  3 7 7.433294e-12 -1.428608e+02 -2.671498e+04
INFO: cmn.c(133): CMN: 63.36  1.90 -1.98 -1.86 -6.34  1.64 -6.05 -0.30 -6.77 -0.80 -0.01 -3.59  3.50 
utt>    86                       122  176    0    32 26  4 8 7.868808e-12 -1.474247e+02 -2.594675e+04
INFO: cmn.c(133): CMN: 59.42  4.13 -7.27 -1.01 -6.98  3.64  0.49 -1.26 -2.00 -6.43  4.16 -0.79  3.09 
utt>    87                       123  165    0    32 26  5 11 8.177680e-12 -1.506912e+02 -2.486405e+04
INFO: cmn.c(133): CMN: 62.40  4.94 -7.29 -1.33 -11.21  4.46 -0.85 -7.68 -6.98  1.65  7.69 -7.01 -0.68 
utt>    88                       124  140    0    32 26  6 12 7.930184e-12 -1.510622e+02 -2.114870e+04
INFO: cmn.c(133): CMN: 61.22  6.91 -1.59 -1.93 -1.14 -5.11 -2.46 -3.48  2.70 -0.94 -0.90 -1.68  2.95 
utt>    89                       125  157    0    28 21  5 10 7.811245e-12 -1.435828e+02 -2.254251e+04
INFO: cmn.c(133): CMN: 53.01  6.36 -3.49 -2.28 -10.98  2.20 -0.04 -5.95 -4.31 -1.12  1.18  1.78  2.81 
utt>    90                       126  191    0    28 21  5 10 7.484033e-12 -1.423287e+02 -2.718478e+04
INFO: cmn.c(133): CMN: 64.04  7.58 -7.98  1.72 -17.30 -3.86  2.83  1.95 -6.19 -5.27 -0.18  3.33  2.85 
utt>    91                       127  212    0    28 21  3 7 8.433948e-12 -1.426088e+02 -3.023307e+04
INFO: cmn.c(133): CMN: 61.80  7.82 -6.33  4.39 -1.51  1.96 -9.71 -1.14 -4.93 -7.04  3.46 -4.14 -1.53 
utt>    92                       128  210    0    44 35  4 9 1.082643e-11 -1.476993e+02 -3.101685e+04
INFO: cmn.c(133): CMN: 57.90  2.83 -3.76  7.07 -10.17  5.35 -10.25 -5.47  1.83 -5.03  5.27 -6.26  0.84 
utt>    93                       129  163    0    44 35  5 10 1.035427e-11 -1.464496e+02 -2.387128e+04
INFO: cmn.c(133): CMN: 61.16 -4.44 -4.52  9.21 -2.77 -1.40 -7.70 -0.71  2.34 -1.26 -0.56 -4.55  0.76 
utt>    94                       130  170    0    44 35  6 12 1.419534e-11 -1.478778e+02 -2.513922e+04
INFO: cmn.c(133): CMN: 62.76  7.55 -1.94 -6.90 -9.67  8.20 -1.81 -4.47 -7.92 -0.18  0.92 -0.56  3.38 
utt>    95                       131  191    0    40 34  6 13 1.059050e-11 -1.487430e+02 -2.840991e+04
INFO: cmn.c(133): CMN: 65.94 10.34  3.77 -1.63 -13.54 -4.23  3.15 -6.45  2.50 -4.00  4.65 -7.45 -1.79 
utt>    96                       132  168    0    40 33  8 15 1.557472e-11 -1.502436e+02 -2.524092e+04
INFO: cmn.c(133): CMN: 58.77  7.84  0.51 -3.58 -7.95 -0.32 -6.94 -7.07 -4.61 -0.76  0.78 -0.16  2.42 
utt>    97                       133  200    0    40 29  7 14 1.025697e-11 -1.486089e+02 -2.972178e+04
INFO: cmn.c(133): CMN: 62.69  0.51  2.44 -4.37 -14.83  1.96 -2.29  1.09 -4.83  0.67  0.13 -4.33  2.14 
utt>    98                       134  146    0    40 33  8 16 1.304538e-11 -1.480575e+02 -2.161639e+04
INFO: cmn.c(133): CMN: 59.87  2.47 -5.39 -2.23 -6.11 -0.25 -1.27 -3.60 -4.35  1.49  3.08 -2.07 -4.25 
utt>    99                       135  191    0    40 34  7 15 1.489359e-11 -1.525695e+02 -2.914078e+04
overall> stats 21838 (-0) -1.486043e+02 -3.245220e+06

INFO: s3mixw_io.c(233): Wrote /Users/air/Desktop/my_models/kz_model/bwaccumdir/kz_model_buff_1/mixw_counts [99x1x1 array]
INFO: s3tmat_io.c(176): Wrote /Users/air/Desktop/my_models/kz_model/bwaccumdir/kz_model_buff_1/tmat_counts [33x3x4 array]
INFO: s3gau_io.c(485): Wrote /Users/air/Desktop/my_models/kz_model/bwaccumdir/kz_model_buff_1/gauden_counts with means with vars (2pass) [99x1x1 vector arrays]
INFO: main.c(999): Counts saved to /Users/air/Desktop/my_models/kz_model/bwaccumdir/kz_model_buff_1
Fri Feb 22 21:02:06 2019
