Current configuration:
[NAME]		[DEFLT]	[VALUE]
-accumdir		/home/lex/cmu_sphinx/model/bwaccumdir/model_buff_1,
-constE		3.0	3.000000e+00
-dcountfn		
-example	no	no
-fullvar	no	no
-help		no	no
-inmeanfn		
-inmixwfn		
-invarfn		
-meanfn			/home/lex/cmu_sphinx/model/model_parameters/model.ci_cont/means
-mixwfn			/home/lex/cmu_sphinx/model/model_parameters/model.ci_cont/mixture_weights
-mmie		no	no
-oaccumdir		
-regmatfn		
-tiedvar	no	no
-tmatfn			/home/lex/cmu_sphinx/model/model_parameters/model.ci_cont/transition_matrices
-varfn			/home/lex/cmu_sphinx/model/model_parameters/model.ci_cont/variances

INFO: main.c(207): Reading and accumulating counts from /home/lex/cmu_sphinx/model/bwaccumdir/model_buff_1
INFO: s3mixw_io.c(117): Read /home/lex/cmu_sphinx/model/bwaccumdir/model_buff_1/mixw_counts [36x1x1 array]
INFO: s3tmat_io.c(118): Read /home/lex/cmu_sphinx/model/bwaccumdir/model_buff_1/tmat_counts [12x3x4 array]
INFO: s3gau_io.c(386): Read /home/lex/cmu_sphinx/model/bwaccumdir/model_buff_1/gauden_counts with means with vars (2pass) [36x1x1 vector arrays]
INFO: main.c(321): -2passvar yes
INFO: main.c(391): Normalizing mean for n_mgau= 36, n_stream= 1, n_density= 1
INFO: main.c(414): Normalizing var
INFO: s3mixw_io.c(233): Wrote /home/lex/cmu_sphinx/model/model_parameters/model.ci_cont/mixture_weights [36x1x1 array]
INFO: s3tmat_io.c(176): Wrote /home/lex/cmu_sphinx/model/model_parameters/model.ci_cont/transition_matrices [12x3x4 array]
INFO: s3gau_io.c(228): Wrote /home/lex/cmu_sphinx/model/model_parameters/model.ci_cont/means [36x1x1 array]
INFO: s3gau_io.c(228): Wrote /home/lex/cmu_sphinx/model/model_parameters/model.ci_cont/variances [36x1x1 array]
Mon Mar 18 19:35:27 2019
Current Overall Likelihood Per Frame = -144.675546995377
Convergence ratio = 0.055038520801503
Likelihoods have converged! Baum Welch training completed!
******************************TRAINING COMPLETE*************************
Mon Mar 18 19:35:27 2019
