Current configuration:
[NAME]		[DEFLT]	[VALUE]
-example	no	no
-help		no	no
-mixwfn			/home/lex/cmu_sphinx/model/model_parameters/model.ci_cont_flatinitial/mixture_weights
-moddeffn		/home/lex/cmu_sphinx/model/model_architecture/model.ci.mdef
-ndensity	256	1
-nstream	4	1
-tmatfn			/home/lex/cmu_sphinx/model/model_parameters/model.ci_cont_flatinitial/transition_matrices
-topo			/home/lex/cmu_sphinx/model/model_architecture/model.topology

INFO: model_def_io.c(573): Model definition info:
INFO: model_def_io.c(574): 12 total models defined (12 base, 0 tri)
INFO: model_def_io.c(575): 48 total states
INFO: model_def_io.c(576): 36 total tied states
INFO: model_def_io.c(577): 36 total tied CI states
INFO: model_def_io.c(578): 12 total tied transition matrices
INFO: model_def_io.c(579): 4 max state/model
INFO: model_def_io.c(580): 4 min state/model
INFO: s3tmat_io.c(176): Wrote /home/lex/cmu_sphinx/model/model_parameters/model.ci_cont_flatinitial/transition_matrices [12x3x4 array]
INFO: s3mixw_io.c(233): Wrote /home/lex/cmu_sphinx/model/model_parameters/model.ci_cont_flatinitial/mixture_weights [36x1x1 array]
main.c(83): Reading model definition file /home/lex/cmu_sphinx/model/model_architecture/model.ci.mdef
main.c(90): 12 models defined
Mon Mar 18 19:35:26 2019
