Current configuration:
[NAME]		[DEFLT]		[VALUE]
-accumdir			/home/lex/cmu_sphinx/model/bwaccumdir/model_buff_1
-agc		none		none
-agcthresh	2.0		2.000000e+00
-cepdir				/home/lex/cmu_sphinx/model/feat
-cepext		mfc		mfc
-ceplen		13		13
-cmn		live		batch
-cmninit	40,3,-1		40,3,-1
-ctlfn				/home/lex/cmu_sphinx/model/etc/model_train.fileids
-dictfn				
-example	no		no
-fdictfn			
-feat		1s_c_d_dd	1s_c_d_dd
-fullvar	no		no
-help		no		no
-lda				
-ldadim		0		0
-lsnfn				
-meanfn				
-moddeffn			
-npart				1
-nskip				0
-part				1
-runlen				0
-scaleseg	no		no
-segdir				
-segext		v8_seg		v8_seg
-svspec				
-ts2cbfn			
-varnorm	no		no

INFO: feat.c(715): Initializing feature stream to type: '1s_c_d_dd', ceplen=13, CMN='batch', VARNORM='no', AGC='none'
INFO: corpus.c(1062): Will process all remaining utts starting at 0
INFO: init_gau.c(134): Computing 1x1x1 mean estimates
INFO: cmn.c(133): CMN: 31.49 28.75 -20.85 -10.19 -24.44  2.52 17.39 -17.05 -18.75  4.50  3.71  6.69  0.51 
INFO: cmn.c(133): CMN: 27.96 27.26 -15.26  8.57  3.22  2.87  3.84 -14.23 -16.42 -1.93  2.62 -3.18 -3.75 
INFO: cmn.c(133): CMN: 32.92 22.97 -17.56 -7.40 -14.19  6.58  7.98 -13.39 -18.58 -9.50 -3.32  1.32  5.47 
INFO: s3gau_io.c(485): Wrote /home/lex/cmu_sphinx/model/bwaccumdir/model_buff_1/gauden_counts with means [1x1x1 vector arrays]
Mon Mar 18 19:35:26 2019
