        INFO: main.c(229): Compiled on Mar 15 2019 at 20:14:06
Current configuration:
[NAME]		[DEFLT]		[VALUE]
-2passvar	no		yes
-abeam		1e-100		1.000000e-90
-accumdir			/home/lex/cmu_sphinx/model/bwaccumdir/model_buff_1
-agc		none		none
-agcthresh	2.0		2.000000e+00
-bbeam		1e-100		1.000000e-10
-cb2mllrfn	.1cls.		.1cls.
-cepdir				/home/lex/cmu_sphinx/model/feat
-cepext		mfc		mfc
-ceplen		13		13
-ckptintv			0
-cmn		live		batch
-cmninit	40,3,-1		40,3,-1
-ctlfn				/home/lex/cmu_sphinx/model/etc/model_train.fileids
-diagfull	no		no
-dictfn				/home/lex/cmu_sphinx/model/etc/model.dic
-example	no		no
-fdictfn			/home/lex/cmu_sphinx/model/etc/model.filler
-feat		1s_c_d_dd	1s_c_d_dd
-fullvar	no		no
-help		no		no
-hmmdir				
-latdir				
-latext				
-lda				
-ldadim		0		0
-lsnfn				/home/lex/cmu_sphinx/model/etc/model_train.transcription
-lw		11.5		1.150000e+01
-maxuttlen	0		0
-meanfn				/home/lex/cmu_sphinx/model/model_parameters/model.ci_cont/means
-meanreest	yes		yes
-mixwfn				/home/lex/cmu_sphinx/model/model_parameters/model.ci_cont/mixture_weights
-mixwreest	yes		yes
-mllrmat			
-mmie		no		no
-mmie_type	rand		rand
-moddeffn			/home/lex/cmu_sphinx/model/model_architecture/model.ci.mdef
-mwfloor	0.00001		1.000000e-08
-npart				1
-nskip				0
-outphsegdir			
-outputfullpath	no		no
-part				1
-pdumpdir			
-phsegdir			
-phsegext	phseg		phseg
-runlen		-1		-1
-sentdir			
-sentext	sent		sent
-spthresh	0.0		0.000000e+00
-svspec				
-timing		yes		no
-tmatfn				/home/lex/cmu_sphinx/model/model_parameters/model.ci_cont/transition_matrices
-tmatreest	yes		yes
-topn		4		1
-tpfloor	0.0001		1.000000e-04
-ts2cbfn			.cont.
-varfloor	0.00001		1.000000e-04
-varfn				/home/lex/cmu_sphinx/model/model_parameters/model.ci_cont/variances
-varnorm	no		no
-varreest	yes		yes
-viterbi	no		no

INFO: feat.c(715): Initializing feature stream to type: '1s_c_d_dd', ceplen=13, CMN='batch', VARNORM='no', AGC='none'
INFO: main.c(318): Reading /home/lex/cmu_sphinx/model/model_architecture/model.ci.mdef
INFO: model_def_io.c(573): Model definition info:
INFO: model_def_io.c(574): 12 total models defined (12 base, 0 tri)
INFO: model_def_io.c(575): 48 total states
INFO: model_def_io.c(576): 36 total tied states
INFO: model_def_io.c(577): 36 total tied CI states
INFO: model_def_io.c(578): 12 total tied transition matrices
INFO: model_def_io.c(579): 4 max state/model
INFO: model_def_io.c(580): 4 min state/model
INFO: s3mixw_io.c(117): Read /home/lex/cmu_sphinx/model/model_parameters/model.ci_cont/mixture_weights [36x1x1 array]
INFO: s3tmat_io.c(118): Read /home/lex/cmu_sphinx/model/model_parameters/model.ci_cont/transition_matrices [12x3x4 array]
INFO: mod_inv.c(301): inserting tprob floor 1.000000e-04 and renormalizing
INFO: s3gau_io.c(169): Read /home/lex/cmu_sphinx/model/model_parameters/model.ci_cont/means [36x1x1 array]
INFO: s3gau_io.c(169): Read /home/lex/cmu_sphinx/model/model_parameters/model.ci_cont/variances [36x1x1 array]
INFO: gauden.c(176): 36 total mgau
INFO: gauden.c(150): 1 feature streams (|0|=39 )
INFO: gauden.c(187): 1 total densities
INFO: gauden.c(90): min_var=1.000000e-04
INFO: gauden.c(165): compute 1 densities/frame
INFO: main.c(431): Will reestimate mixing weights.
INFO: main.c(433): Will reestimate means.
INFO: main.c(435): Will reestimate variances.
INFO: main.c(443): Will reestimate transition matrices
INFO: main.c(456): Reading main dictionary: /home/lex/cmu_sphinx/model/etc/model.dic
INFO: lexicon.c(221): 3 entries added from /home/lex/cmu_sphinx/model/etc/model.dic
INFO: main.c(466): Reading filler dictionary: /home/lex/cmu_sphinx/model/etc/model.filler
INFO: lexicon.c(221): 3 entries added from /home/lex/cmu_sphinx/model/etc/model.filler
INFO: corpus.c(1062): Will process all remaining utts starting at 0
INFO: main.c(665): Reestimation: Baum-Welch
INFO: cmn.c(133): CMN: 31.49 28.75 -20.85 -10.19 -24.44  2.52 17.39 -17.05 -18.75  4.50  3.71  6.69  0.51 
column defns
	<seq>
	<id>
	<n_frame_in>
	<n_frame_del>
	<n_state_shmm>
	<avg_states_alpha>
	<avg_states_beta>
	<avg_states_reest>
	<avg_posterior_prune>
	<frame_log_lik>
	<utt_log_lik>
	... timing info ... 
utt>     0                      alga  106    0INFO: cvt2triphone.c(199): no multiphones defined, no conversion done
    24 8  1 2 1.214661e-12 -1.420976e+02 -1.506235e+04
INFO: cmn.c(133): CMN: 27.96 27.26 -15.26  8.57  3.22  2.87  3.84 -14.23 -16.42 -1.93  2.62 -3.18 -3.75 
utt>     1                     bilim  109    0    28 7  1 2 5.748098e-13 -1.404531e+02 -1.530939e+04
INFO: cmn.c(133): CMN: 32.92 22.97 -17.56 -7.40 -14.19  6.58  7.98 -13.39 -18.58 -9.50 -3.32  1.32  5.47 
utt>     2                      shab  434    0    28 12  1 1 6.515333e-13 -1.506414e+02 -6.537838e+04
overall> stats 649 (-0) -1.475349e+02 -9.575012e+04

INFO: s3mixw_io.c(233): Wrote /home/lex/cmu_sphinx/model/bwaccumdir/model_buff_1/mixw_counts [36x1x1 array]
INFO: s3tmat_io.c(176): Wrote /home/lex/cmu_sphinx/model/bwaccumdir/model_buff_1/tmat_counts [12x3x4 array]
INFO: s3gau_io.c(485): Wrote /home/lex/cmu_sphinx/model/bwaccumdir/model_buff_1/gauden_counts with means with vars (2pass) [36x1x1 vector arrays]
INFO: main.c(999): Counts saved to /home/lex/cmu_sphinx/model/bwaccumdir/model_buff_1
Mon Mar 18 19:35:26 2019
